2025-07-29T11:55:59.707-03:00  INFO 7452 --- [restartedMain] c.e.a.AlquilaSeguroBackendApplication    : Starting AlquilaSeguroBackendApplication using Java 21.0.2 with PID 7452 (C:\Users\noteb\OneDrive\Escritorio\alquila-seguro-app-backend\alquila-seguro-backend\target\classes started by Usuario in C:\Users\noteb\OneDrive\Escritorio\alquila-seguro-app-backend)
2025-07-29T11:55:59.712-03:00  INFO 7452 --- [restartedMain] c.e.a.AlquilaSeguroBackendApplication    : The following 1 profile is active: "preprod"
2025-07-29T11:55:59.766-03:00  INFO 7452 --- [restartedMain] .e.DevToolsPropertyDefaultsPostProcessor : Devtools property defaults active! Set 'spring.devtools.add-properties' to 'false' to disable
2025-07-29T11:55:59.767-03:00  INFO 7452 --- [restartedMain] .e.DevToolsPropertyDefaultsPostProcessor : For additional web related logging consider setting the 'logging.level.web' property to 'DEBUG'
2025-07-29T11:56:00.820-03:00  INFO 7452 --- [restartedMain] .s.d.r.c.RepositoryConfigurationDelegate : Bootstrapping Spring Data JPA repositories in DEFAULT mode.
2025-07-29T11:56:00.917-03:00  INFO 7452 --- [restartedMain] .s.d.r.c.RepositoryConfigurationDelegate : Finished Spring Data repository scanning in 86 ms. Found 8 JPA repository interfaces.
2025-07-29T11:56:01.680-03:00  INFO 7452 --- [restartedMain] o.s.b.w.embedded.tomcat.TomcatWebServer  : Tomcat initialized with port 8080 (http)
2025-07-29T11:56:01.693-03:00  INFO 7452 --- [restartedMain] o.apache.catalina.core.StandardService   : Starting service [Tomcat]
2025-07-29T11:56:01.695-03:00  INFO 7452 --- [restartedMain] o.apache.catalina.core.StandardEngine    : Starting Servlet engine: [Apache Tomcat/10.1.36]
2025-07-29T11:56:01.747-03:00  INFO 7452 --- [restartedMain] o.a.c.c.C.[Tomcat].[localhost].[/]       : Initializing Spring embedded WebApplicationContext
2025-07-29T11:56:01.749-03:00  INFO 7452 --- [restartedMain] w.s.c.ServletWebServerApplicationContext : Root WebApplicationContext: initialization completed in 1980 ms
2025-07-29T11:56:01.907-03:00  INFO 7452 --- [restartedMain] o.hibernate.jpa.internal.util.LogHelper  : HHH000204: Processing PersistenceUnitInfo [name: default]
2025-07-29T11:56:02.006-03:00  INFO 7452 --- [restartedMain] org.hibernate.Version                    : HHH000412: Hibernate ORM core version 6.6.8.Final
2025-07-29T11:56:02.042-03:00  INFO 7452 --- [restartedMain] o.h.c.internal.RegionFactoryInitiator    : HHH000026: Second-level cache disabled
2025-07-29T11:56:02.368-03:00  INFO 7452 --- [restartedMain] o.s.o.j.p.SpringPersistenceUnitInfo      : No LoadTimeWeaver setup: ignoring JPA class transformer
2025-07-29T11:56:02.402-03:00  INFO 7452 --- [restartedMain] com.zaxxer.hikari.HikariDataSource       : HikariPool-1 - Starting...
2025-07-29T11:56:02.637-03:00  INFO 7452 --- [restartedMain] com.zaxxer.hikari.pool.HikariPool        : HikariPool-1 - Added connection org.postgresql.jdbc.PgConnection@56af14f
2025-07-29T11:56:02.639-03:00  INFO 7452 --- [restartedMain] com.zaxxer.hikari.HikariDataSource       : HikariPool-1 - Start completed.
2025-07-29T11:56:02.792-03:00  INFO 7452 --- [restartedMain] org.hibernate.orm.connections.pooling    : HHH10001005: Database info:
	Database JDBC URL [Connecting through datasource 'HikariDataSource (HikariPool-1)']
	Database driver: undefined/unknown
	Database version: 17.5
	Autocommit mode: undefined/unknown
	Isolation level: undefined/unknown
	Minimum pool size: undefined/unknown
	Maximum pool size: undefined/unknown
2025-07-29T11:56:04.496-03:00  INFO 7452 --- [restartedMain] o.h.e.t.j.p.i.JtaPlatformInitiator       : HHH000489: No JTA platform available (set 'hibernate.transaction.jta.platform' to enable JTA platform integration)
2025-07-29T11:56:04.595-03:00  INFO 7452 --- [restartedMain] j.LocalContainerEntityManagerFactoryBean : Initialized JPA EntityManagerFactory for persistence unit 'default'
2025-07-29T11:56:05.260-03:00  INFO 7452 --- [restartedMain] eAuthenticationProviderManagerConfigurer : Global AuthenticationManager configured with AuthenticationProvider bean with name daoAuthenticationProvider
2025-07-29T11:56:05.261-03:00  WARN 7452 --- [restartedMain] r$InitializeUserDetailsManagerConfigurer : Global AuthenticationManager configured with an AuthenticationProvider bean. UserDetailsService beans will not be used by Spring Security for automatically configuring username/password login. Consider removing the AuthenticationProvider bean. Alternatively, consider using the UserDetailsService in a manually instantiated DaoAuthenticationProvider. If the current configuration is intentional, to turn off this warning, increase the logging level of 'org.springframework.security.config.annotation.authentication.configuration.InitializeUserDetailsBeanManagerConfigurer' to ERROR
2025-07-29T11:56:06.136-03:00  INFO 7452 --- [restartedMain] o.s.d.j.r.query.QueryEnhancerFactory     : Hibernate is in classpath; If applicable, HQL parser will be used.
2025-07-29T11:56:08.459-03:00  WARN 7452 --- [restartedMain] JpaBaseConfiguration$JpaWebConfiguration : spring.jpa.open-in-view is enabled by default. Therefore, database queries may be performed during view rendering. Explicitly configure spring.jpa.open-in-view to disable this warning
2025-07-29T11:56:10.118-03:00  INFO 7452 --- [restartedMain] o.s.b.d.a.OptionalLiveReloadServer       : LiveReload server is running on port 35729
2025-07-29T11:56:10.179-03:00  INFO 7452 --- [restartedMain] o.s.b.w.embedded.tomcat.TomcatWebServer  : Tomcat started on port 8080 (http) with context path '/'
2025-07-29T11:56:10.192-03:00  INFO 7452 --- [restartedMain] c.e.a.AlquilaSeguroBackendApplication    : Started AlquilaSeguroBackendApplication in 11.077 seconds (process running for 18.715)
2025-07-29T11:56:12.847-03:00  INFO 7452 --- [SpringApplicationShutdownHook] o.s.b.w.e.tomcat.GracefulShutdown        : Commencing graceful shutdown. Waiting for active requests to complete
2025-07-29T11:56:12.865-03:00  INFO 7452 --- [tomcat-shutdown] o.s.b.w.e.tomcat.GracefulShutdown        : Graceful shutdown complete
2025-07-29T11:56:12.873-03:00  INFO 7452 --- [SpringApplicationShutdownHook] j.LocalContainerEntityManagerFactoryBean : Closing JPA EntityManagerFactory for persistence unit 'default'
2025-07-29T11:56:12.879-03:00  INFO 7452 --- [SpringApplicationShutdownHook] com.zaxxer.hikari.HikariDataSource       : HikariPool-1 - Shutdown initiated...
2025-07-29T11:56:12.881-03:00  INFO 7452 --- [SpringApplicationShutdownHook] com.zaxxer.hikari.HikariDataSource       : HikariPool-1 - Shutdown completed.
2025-07-29T11:56:38.823-03:00  INFO 17256 --- [restartedMain] c.e.a.AlquilaSeguroBackendApplication    : Starting AlquilaSeguroBackendApplication using Java 21.0.2 with PID 17256 (C:\Users\noteb\OneDrive\Escritorio\alquila-seguro-app-backend\alquila-seguro-backend\target\classes started by Usuario in C:\Users\noteb\OneDrive\Escritorio\alquila-seguro-app-backend)
2025-07-29T11:56:38.825-03:00  INFO 17256 --- [restartedMain] c.e.a.AlquilaSeguroBackendApplication    : The following 1 profile is active: "PREPROD"
2025-07-29T11:56:38.889-03:00  INFO 17256 --- [restartedMain] .e.DevToolsPropertyDefaultsPostProcessor : Devtools property defaults active! Set 'spring.devtools.add-properties' to 'false' to disable
2025-07-29T11:56:38.890-03:00  INFO 17256 --- [restartedMain] .e.DevToolsPropertyDefaultsPostProcessor : For additional web related logging consider setting the 'logging.level.web' property to 'DEBUG'
2025-07-29T11:56:39.690-03:00  INFO 17256 --- [restartedMain] .s.d.r.c.RepositoryConfigurationDelegate : Bootstrapping Spring Data JPA repositories in DEFAULT mode.
2025-07-29T11:56:39.776-03:00  INFO 17256 --- [restartedMain] .s.d.r.c.RepositoryConfigurationDelegate : Finished Spring Data repository scanning in 80 ms. Found 8 JPA repository interfaces.
2025-07-29T11:56:40.353-03:00  INFO 17256 --- [restartedMain] o.s.b.w.embedded.tomcat.TomcatWebServer  : Tomcat initialized with port 8080 (http)
2025-07-29T11:56:40.364-03:00  INFO 17256 --- [restartedMain] o.apache.catalina.core.StandardService   : Starting service [Tomcat]
2025-07-29T11:56:40.364-03:00  INFO 17256 --- [restartedMain] o.apache.catalina.core.StandardEngine    : Starting Servlet engine: [Apache Tomcat/10.1.36]
2025-07-29T11:56:40.410-03:00  INFO 17256 --- [restartedMain] o.a.c.c.C.[Tomcat].[localhost].[/]       : Initializing Spring embedded WebApplicationContext
2025-07-29T11:56:40.410-03:00  INFO 17256 --- [restartedMain] w.s.c.ServletWebServerApplicationContext : Root WebApplicationContext: initialization completed in 1519 ms
2025-07-29T11:56:40.558-03:00  INFO 17256 --- [restartedMain] o.hibernate.jpa.internal.util.LogHelper  : HHH000204: Processing PersistenceUnitInfo [name: default]
2025-07-29T11:56:40.624-03:00  INFO 17256 --- [restartedMain] org.hibernate.Version                    : HHH000412: Hibernate ORM core version 6.6.8.Final
2025-07-29T11:56:40.653-03:00  INFO 17256 --- [restartedMain] o.h.c.internal.RegionFactoryInitiator    : HHH000026: Second-level cache disabled
2025-07-29T11:56:40.893-03:00  INFO 17256 --- [restartedMain] o.s.o.j.p.SpringPersistenceUnitInfo      : No LoadTimeWeaver setup: ignoring JPA class transformer
2025-07-29T11:56:40.915-03:00  INFO 17256 --- [restartedMain] com.zaxxer.hikari.HikariDataSource       : HikariPool-1 - Starting...
2025-07-29T11:56:41.056-03:00  INFO 17256 --- [restartedMain] com.zaxxer.hikari.pool.HikariPool        : HikariPool-1 - Added connection org.postgresql.jdbc.PgConnection@1711fda5
2025-07-29T11:56:41.059-03:00  INFO 17256 --- [restartedMain] com.zaxxer.hikari.HikariDataSource       : HikariPool-1 - Start completed.
2025-07-29T11:56:41.141-03:00  INFO 17256 --- [restartedMain] org.hibernate.orm.connections.pooling    : HHH10001005: Database info:
	Database JDBC URL [Connecting through datasource 'HikariDataSource (HikariPool-1)']
	Database driver: undefined/unknown
	Database version: 17.5
	Autocommit mode: undefined/unknown
	Isolation level: undefined/unknown
	Minimum pool size: undefined/unknown
	Maximum pool size: undefined/unknown
2025-07-29T11:56:42.233-03:00  INFO 17256 --- [restartedMain] o.h.e.t.j.p.i.JtaPlatformInitiator       : HHH000489: No JTA platform available (set 'hibernate.transaction.jta.platform' to enable JTA platform integration)
2025-07-29T11:56:42.287-03:00  INFO 17256 --- [restartedMain] j.LocalContainerEntityManagerFactoryBean : Initialized JPA EntityManagerFactory for persistence unit 'default'
2025-07-29T11:56:42.618-03:00  INFO 17256 --- [restartedMain] eAuthenticationProviderManagerConfigurer : Global AuthenticationManager configured with AuthenticationProvider bean with name daoAuthenticationProvider
2025-07-29T11:56:42.619-03:00  WARN 17256 --- [restartedMain] r$InitializeUserDetailsManagerConfigurer : Global AuthenticationManager configured with an AuthenticationProvider bean. UserDetailsService beans will not be used by Spring Security for automatically configuring username/password login. Consider removing the AuthenticationProvider bean. Alternatively, consider using the UserDetailsService in a manually instantiated DaoAuthenticationProvider. If the current configuration is intentional, to turn off this warning, increase the logging level of 'org.springframework.security.config.annotation.authentication.configuration.InitializeUserDetailsBeanManagerConfigurer' to ERROR
2025-07-29T11:56:42.991-03:00  INFO 17256 --- [restartedMain] o.s.d.j.r.query.QueryEnhancerFactory     : Hibernate is in classpath; If applicable, HQL parser will be used.
2025-07-29T11:56:44.209-03:00  WARN 17256 --- [restartedMain] JpaBaseConfiguration$JpaWebConfiguration : spring.jpa.open-in-view is enabled by default. Therefore, database queries may be performed during view rendering. Explicitly configure spring.jpa.open-in-view to disable this warning
2025-07-29T11:56:45.039-03:00  INFO 17256 --- [restartedMain] o.s.b.d.a.OptionalLiveReloadServer       : LiveReload server is running on port 35729
2025-07-29T11:56:45.090-03:00  INFO 17256 --- [restartedMain] o.s.b.w.embedded.tomcat.TomcatWebServer  : Tomcat started on port 8080 (http) with context path '/'
2025-07-29T11:56:45.103-03:00  INFO 17256 --- [restartedMain] c.e.a.AlquilaSeguroBackendApplication    : Started AlquilaSeguroBackendApplication in 6.883 seconds (process running for 7.927)
2025-07-29T11:57:10.469-03:00  INFO 17256 --- [http-nio-8080-exec-1] o.a.c.c.C.[Tomcat].[localhost].[/]       : Initializing Spring DispatcherServlet 'dispatcherServlet'
2025-07-29T11:57:10.471-03:00  INFO 17256 --- [http-nio-8080-exec-1] o.s.web.servlet.DispatcherServlet        : Initializing Servlet 'dispatcherServlet'
2025-07-29T11:57:10.473-03:00  INFO 17256 --- [http-nio-8080-exec-1] o.s.web.servlet.DispatcherServlet        : Completed initialization in 2 ms
2025-07-29T11:57:18.130-03:00  INFO 17256 --- [SpringApplicationShutdownHook] o.s.b.w.e.tomcat.GracefulShutdown        : Commencing graceful shutdown. Waiting for active requests to complete
2025-07-29T11:57:18.161-03:00  INFO 17256 --- [tomcat-shutdown] o.s.b.w.e.tomcat.GracefulShutdown        : Graceful shutdown complete
2025-07-29T11:57:18.185-03:00  INFO 17256 --- [SpringApplicationShutdownHook] j.LocalContainerEntityManagerFactoryBean : Closing JPA EntityManagerFactory for persistence unit 'default'
2025-07-29T11:57:18.195-03:00  INFO 17256 --- [SpringApplicationShutdownHook] com.zaxxer.hikari.HikariDataSource       : HikariPool-1 - Shutdown initiated...
2025-07-29T11:57:18.195-03:00  INFO 17256 --- [SpringApplicationShutdownHook] com.zaxxer.hikari.HikariDataSource       : HikariPool-1 - Shutdown completed.
2025-07-29T11:59:09.923-03:00  INFO 21104 --- [restartedMain] c.e.a.AlquilaSeguroBackendApplication    : Starting AlquilaSeguroBackendApplication using Java 21.0.2 with PID 21104 (C:\Users\noteb\OneDrive\Escritorio\alquila-seguro-app-backend\alquila-seguro-backend\target\classes started by Usuario in C:\Users\noteb\OneDrive\Escritorio\alquila-seguro-app-backend)
2025-07-29T11:59:09.926-03:00  INFO 21104 --- [restartedMain] c.e.a.AlquilaSeguroBackendApplication    : The following 1 profile is active: "PREPROD"
2025-07-29T11:59:09.974-03:00  INFO 21104 --- [restartedMain] .e.DevToolsPropertyDefaultsPostProcessor : Devtools property defaults active! Set 'spring.devtools.add-properties' to 'false' to disable
2025-07-29T11:59:09.974-03:00  INFO 21104 --- [restartedMain] .e.DevToolsPropertyDefaultsPostProcessor : For additional web related logging consider setting the 'logging.level.web' property to 'DEBUG'
2025-07-29T11:59:10.821-03:00  INFO 21104 --- [restartedMain] .s.d.r.c.RepositoryConfigurationDelegate : Bootstrapping Spring Data JPA repositories in DEFAULT mode.
2025-07-29T11:59:10.905-03:00  INFO 21104 --- [restartedMain] .s.d.r.c.RepositoryConfigurationDelegate : Finished Spring Data repository scanning in 72 ms. Found 8 JPA repository interfaces.
2025-07-29T11:59:11.515-03:00  INFO 21104 --- [restartedMain] o.s.b.w.embedded.tomcat.TomcatWebServer  : Tomcat initialized with port 8080 (http)
2025-07-29T11:59:11.529-03:00  INFO 21104 --- [restartedMain] o.apache.catalina.core.StandardService   : Starting service [Tomcat]
2025-07-29T11:59:11.529-03:00  INFO 21104 --- [restartedMain] o.apache.catalina.core.StandardEngine    : Starting Servlet engine: [Apache Tomcat/10.1.36]
2025-07-29T11:59:11.577-03:00  INFO 21104 --- [restartedMain] o.a.c.c.C.[Tomcat].[localhost].[/]       : Initializing Spring embedded WebApplicationContext
2025-07-29T11:59:11.578-03:00  INFO 21104 --- [restartedMain] w.s.c.ServletWebServerApplicationContext : Root WebApplicationContext: initialization completed in 1604 ms
2025-07-29T11:59:11.711-03:00  INFO 21104 --- [restartedMain] o.hibernate.jpa.internal.util.LogHelper  : HHH000204: Processing PersistenceUnitInfo [name: default]
2025-07-29T11:59:11.786-03:00  INFO 21104 --- [restartedMain] org.hibernate.Version                    : HHH000412: Hibernate ORM core version 6.6.8.Final
2025-07-29T11:59:11.815-03:00  INFO 21104 --- [restartedMain] o.h.c.internal.RegionFactoryInitiator    : HHH000026: Second-level cache disabled
2025-07-29T11:59:12.053-03:00  INFO 21104 --- [restartedMain] o.s.o.j.p.SpringPersistenceUnitInfo      : No LoadTimeWeaver setup: ignoring JPA class transformer
2025-07-29T11:59:12.087-03:00  INFO 21104 --- [restartedMain] com.zaxxer.hikari.HikariDataSource       : HikariPool-1 - Starting...
2025-07-29T11:59:12.239-03:00  INFO 21104 --- [restartedMain] com.zaxxer.hikari.pool.HikariPool        : HikariPool-1 - Added connection org.postgresql.jdbc.PgConnection@28a4eaaf
2025-07-29T11:59:12.242-03:00  INFO 21104 --- [restartedMain] com.zaxxer.hikari.HikariDataSource       : HikariPool-1 - Start completed.
2025-07-29T11:59:12.333-03:00  INFO 21104 --- [restartedMain] org.hibernate.orm.connections.pooling    : HHH10001005: Database info:
	Database JDBC URL [Connecting through datasource 'HikariDataSource (HikariPool-1)']
	Database driver: undefined/unknown
	Database version: 17.5
	Autocommit mode: undefined/unknown
	Isolation level: undefined/unknown
	Minimum pool size: undefined/unknown
	Maximum pool size: undefined/unknown
2025-07-29T11:59:13.495-03:00  INFO 21104 --- [restartedMain] o.h.e.t.j.p.i.JtaPlatformInitiator       : HHH000489: No JTA platform available (set 'hibernate.transaction.jta.platform' to enable JTA platform integration)
2025-07-29T11:59:13.586-03:00  INFO 21104 --- [restartedMain] j.LocalContainerEntityManagerFactoryBean : Initialized JPA EntityManagerFactory for persistence unit 'default'
2025-07-29T11:59:13.936-03:00  INFO 21104 --- [restartedMain] eAuthenticationProviderManagerConfigurer : Global AuthenticationManager configured with AuthenticationProvider bean with name daoAuthenticationProvider
2025-07-29T11:59:13.937-03:00  WARN 21104 --- [restartedMain] r$InitializeUserDetailsManagerConfigurer : Global AuthenticationManager configured with an AuthenticationProvider bean. UserDetailsService beans will not be used by Spring Security for automatically configuring username/password login. Consider removing the AuthenticationProvider bean. Alternatively, consider using the UserDetailsService in a manually instantiated DaoAuthenticationProvider. If the current configuration is intentional, to turn off this warning, increase the logging level of 'org.springframework.security.config.annotation.authentication.configuration.InitializeUserDetailsBeanManagerConfigurer' to ERROR
2025-07-29T11:59:14.323-03:00  INFO 21104 --- [restartedMain] o.s.d.j.r.query.QueryEnhancerFactory     : Hibernate is in classpath; If applicable, HQL parser will be used.
2025-07-29T11:59:15.673-03:00  WARN 21104 --- [restartedMain] JpaBaseConfiguration$JpaWebConfiguration : spring.jpa.open-in-view is enabled by default. Therefore, database queries may be performed during view rendering. Explicitly configure spring.jpa.open-in-view to disable this warning
2025-07-29T11:59:16.498-03:00  INFO 21104 --- [restartedMain] o.s.b.d.a.OptionalLiveReloadServer       : LiveReload server is running on port 35729
2025-07-29T11:59:16.554-03:00  INFO 21104 --- [restartedMain] o.s.b.w.embedded.tomcat.TomcatWebServer  : Tomcat started on port 8080 (http) with context path '/'
2025-07-29T11:59:16.565-03:00  INFO 21104 --- [restartedMain] c.e.a.AlquilaSeguroBackendApplication    : Started AlquilaSeguroBackendApplication in 7.283 seconds (process running for 8.348)
2025-07-29T11:59:30.320-03:00  INFO 21104 --- [http-nio-8080-exec-2] o.a.c.c.C.[Tomcat].[localhost].[/]       : Initializing Spring DispatcherServlet 'dispatcherServlet'
2025-07-29T11:59:30.320-03:00  INFO 21104 --- [http-nio-8080-exec-2] o.s.web.servlet.DispatcherServlet        : Initializing Servlet 'dispatcherServlet'
2025-07-29T11:59:30.320-03:00  INFO 21104 --- [http-nio-8080-exec-2] o.s.web.servlet.DispatcherServlet        : Completed initialization in 0 ms
2025-07-29T12:02:46.003-03:00  INFO 21104 --- [http-nio-8080-exec-8] c.e.a.s.service.UserDetailsServiceImpl   : Autenticando al usuario: {} gonz
2025-07-29T12:02:46.669-03:00  INFO 21104 --- [http-nio-8080-exec-2] c.e.a.s.service.UserDetailsServiceImpl   : Autenticando al usuario: {} gonz
2025-07-29T12:02:46.726-03:00  INFO 21104 --- [http-nio-8080-exec-1] c.e.a.s.service.UserDetailsServiceImpl   : Autenticando al usuario: {} gonz
2025-07-29T12:06:06.943-03:00  INFO 21104 --- [http-nio-8080-exec-4] c.e.a.s.service.UserDetailsServiceImpl   : Autenticando al usuario: {} gonz
2025-07-29T12:06:07.093-03:00  INFO 21104 --- [http-nio-8080-exec-1] c.e.a.s.service.UserDetailsServiceImpl   : Autenticando al usuario: {} gonz
2025-07-29T12:06:07.122-03:00  INFO 21104 --- [http-nio-8080-exec-3] c.e.a.s.service.UserDetailsServiceImpl   : Autenticando al usuario: {} gonz
2025-07-29T12:06:09.599-03:00  INFO 21104 --- [http-nio-8080-exec-9] c.e.a.s.service.UserDetailsServiceImpl   : Autenticando al usuario: {} gonz
2025-07-29T12:06:09.612-03:00  INFO 21104 --- [http-nio-8080-exec-10] c.e.a.s.service.UserDetailsServiceImpl   : Autenticando al usuario: {} gonz
2025-07-29T12:06:11.278-03:00  INFO 21104 --- [http-nio-8080-exec-1] c.e.a.s.service.UserDetailsServiceImpl   : Autenticando al usuario: {} gonz
2025-07-29T12:06:11.300-03:00  INFO 21104 --- [http-nio-8080-exec-5] c.e.a.s.service.UserDetailsServiceImpl   : Autenticando al usuario: {} gonz
2025-07-29T12:06:11.303-03:00  INFO 21104 --- [http-nio-8080-exec-3] c.e.a.s.service.UserDetailsServiceImpl   : Autenticando al usuario: {} gonz
2025-07-29T12:06:11.320-03:00  INFO 21104 --- [http-nio-8080-exec-7] c.e.a.s.service.UserDetailsServiceImpl   : Autenticando al usuario: {} gonz
2025-07-29T12:08:01.305-03:00  INFO 21104 --- [http-nio-8080-exec-10] c.e.a.s.service.UserDetailsServiceImpl   : Autenticando al usuario: {} gonz
2025-07-29T12:08:01.322-03:00  INFO 21104 --- [http-nio-8080-exec-4] c.e.a.s.service.UserDetailsServiceImpl   : Autenticando al usuario: {} gonz
2025-07-29T12:08:03.053-03:00  INFO 21104 --- [http-nio-8080-exec-3] c.e.a.s.service.UserDetailsServiceImpl   : Autenticando al usuario: {} gonz
2025-07-29T12:08:03.068-03:00  INFO 21104 --- [http-nio-8080-exec-7] c.e.a.s.service.UserDetailsServiceImpl   : Autenticando al usuario: {} gonz
2025-07-29T12:08:05.290-03:00  INFO 21104 --- [http-nio-8080-exec-8] c.e.a.s.service.UserDetailsServiceImpl   : Autenticando al usuario: {} gonz
2025-07-29T12:08:05.308-03:00  INFO 21104 --- [http-nio-8080-exec-9] c.e.a.s.service.UserDetailsServiceImpl   : Autenticando al usuario: {} gonz
2025-07-29T12:08:05.308-03:00  INFO 21104 --- [http-nio-8080-exec-10] c.e.a.s.service.UserDetailsServiceImpl   : Autenticando al usuario: {} gonz
2025-07-29T12:08:05.320-03:00  INFO 21104 --- [http-nio-8080-exec-2] c.e.a.s.service.UserDetailsServiceImpl   : Autenticando al usuario: {} gonz
2025-07-29T12:09:00.336-03:00  INFO 21104 --- [http-nio-8080-exec-5] c.e.a.services.PaymentService            : Pago creado en la base de datos: Payment(id=1, reservation=Reservation(id=1, client=null, invoice=null, contract=null, payments=null, startDate=null, endDate=null, status=null), consultancy=null, amount=30000.0, paymentMethod=Mercado Pago, paymentDate=2025-07-29T12:09:00.320164400, paymentReference=2398138093-4148e6b7-4b5f-4e82-b026-0cb6a049a3fe, paymentDescription=Creación de preferencia de reserva, paymentStatus=PENDING, paymentIdMP=null, externalId=1, externalEntityType=RESERVATION)
2025-07-29T12:09:46.893-03:00  INFO 21104 --- [http-nio-8080-exec-7] c.e.a.s.service.UserDetailsServiceImpl   : Autenticando al usuario: {} gonz
2025-07-29T12:09:46.918-03:00  INFO 21104 --- [http-nio-8080-exec-8] c.e.a.s.service.UserDetailsServiceImpl   : Autenticando al usuario: {} gonz
2025-07-29T12:09:46.925-03:00  INFO 21104 --- [http-nio-8080-exec-10] c.e.a.s.service.UserDetailsServiceImpl   : Autenticando al usuario: {} gonz
2025-07-29T12:09:46.974-03:00  INFO 21104 --- [http-nio-8080-exec-9] c.e.a.s.service.UserDetailsServiceImpl   : Autenticando al usuario: {} gonz
2025-07-29T12:20:49.108-03:00  WARN 21104 --- [HikariPool-1 housekeeper] com.zaxxer.hikari.pool.HikariPool        : HikariPool-1 - Thread starvation or clock leap detected (housekeeper delta=5m6s440ms508µs500ns).
2025-07-29T12:23:20.273-03:00  INFO 21104 --- [http-nio-8080-exec-6] c.e.a.services.PaymentService            : Pago creado en la base de datos: Payment(id=2, reservation=Reservation(id=2, client=null, invoice=null, contract=null, payments=null, startDate=null, endDate=null, status=null), consultancy=null, amount=30000.0, paymentMethod=Mercado Pago, paymentDate=2025-07-29T12:23:20.273423600, paymentReference=2398138093-948b3b57-63a1-4eae-8839-44cd25d7a811, paymentDescription=Creación de preferencia de reserva, paymentStatus=PENDING, paymentIdMP=null, externalId=2, externalEntityType=RESERVATION)
2025-07-29T12:23:42.223-03:00  INFO 21104 --- [http-nio-8080-exec-3] c.e.a.s.service.UserDetailsServiceImpl   : Autenticando al usuario: {} gonz
2025-07-29T12:23:42.242-03:00  INFO 21104 --- [http-nio-8080-exec-7] c.e.a.s.service.UserDetailsServiceImpl   : Autenticando al usuario: {} gonz
2025-07-29T12:23:42.251-03:00  INFO 21104 --- [http-nio-8080-exec-8] c.e.a.s.service.UserDetailsServiceImpl   : Autenticando al usuario: {} gonz
2025-07-29T12:23:42.287-03:00  INFO 21104 --- [http-nio-8080-exec-10] c.e.a.s.service.UserDetailsServiceImpl   : Autenticando al usuario: {} gonz
2025-07-29T12:24:22.962-03:00  INFO 21104 --- [http-nio-8080-exec-2] c.e.a.services.PaymentService            : Pago creado en la base de datos: Payment(id=3, reservation=Reservation(id=3, client=null, invoice=null, contract=null, payments=null, startDate=null, endDate=null, status=null), consultancy=null, amount=30000.0, paymentMethod=Mercado Pago, paymentDate=2025-07-29T12:24:22.958307600, paymentReference=2398138093-65b24266-19dd-4702-ab9a-e6ec3e4683e3, paymentDescription=Creación de preferencia de reserva, paymentStatus=PENDING, paymentIdMP=null, externalId=3, externalEntityType=RESERVATION)
2025-07-29T12:29:57.105-03:00  INFO 21104 --- [http-nio-8080-exec-6] c.e.a.s.service.UserDetailsServiceImpl   : Autenticando al usuario: {} gonz
2025-07-29T12:29:57.154-03:00  INFO 21104 --- [http-nio-8080-exec-3] c.e.a.s.service.UserDetailsServiceImpl   : Autenticando al usuario: {} gonz
2025-07-29T12:29:58.697-03:00  INFO 21104 --- [http-nio-8080-exec-7] c.e.a.s.service.UserDetailsServiceImpl   : Autenticando al usuario: {} gonz
2025-07-29T12:29:58.720-03:00  INFO 21104 --- [http-nio-8080-exec-8] c.e.a.s.service.UserDetailsServiceImpl   : Autenticando al usuario: {} gonz
2025-07-29T12:29:58.724-03:00  INFO 21104 --- [http-nio-8080-exec-10] c.e.a.s.service.UserDetailsServiceImpl   : Autenticando al usuario: {} gonz
2025-07-29T12:29:58.769-03:00  INFO 21104 --- [http-nio-8080-exec-9] c.e.a.s.service.UserDetailsServiceImpl   : Autenticando al usuario: {} gonz
2025-07-29T12:30:19.651-03:00  INFO 21104 --- [http-nio-8080-exec-5] c.e.a.services.PaymentService            : Pago creado en la base de datos: Payment(id=4, reservation=null, consultancy=Consultancy(id=1, client=null, payments=null, details=null, requestedAt=null, status=null, confirmationEmailSent=false), amount=10000, paymentMethod=Mercado Pago, paymentDate=2025-07-29T12:30:19.644110600, paymentReference=2398138093-ee07e32b-95d5-41ba-a188-c2418f12b910, paymentDescription=Creación de preferencia de consultoría, paymentStatus=PENDING, paymentIdMP=null, externalId=1, externalEntityType=CONSULTANCY)
2025-07-29T12:30:56.785-03:00  INFO 21104 --- [http-nio-8080-exec-6] c.e.a.controller.PaymentController       : Cuerpo completo de la notificación: {"resource":"https://api.mercadolibre.com/merchant_orders/32759804845","topic":"merchant_order"}
2025-07-29T12:30:56.816-03:00  INFO 21104 --- [http-nio-8080-exec-6] c.e.a.controller.PaymentController       : Notificación recibida - Topic: merchant_order, Type: null, Action: null, Payment ID (final): https://api.mercadolibre.com/merchant_orders/32759804845, Resource ID (JSON): https://api.mercadolibre.com/merchant_orders/32759804845, External Reference (URL param): 1, External Entity Type from Param: CONSULTANCY
2025-07-29T12:30:56.816-03:00  INFO 21104 --- [http-nio-8080-exec-6] c.e.a.controller.PaymentController       : DEBUG: Entrando a la rama de 'merchant_order'.
2025-07-29T12:30:56.816-03:00  INFO 21104 --- [http-nio-8080-exec-6] c.e.a.controller.PaymentController       : Notificación de orden comercial recibida. Respondiendo con OK.
2025-07-29T12:30:58.276-03:00  INFO 21104 --- [http-nio-8080-exec-3] c.e.a.controller.PaymentController       : Cuerpo completo de la notificación: {"action":"payment.created","api_version":"v1","data":{"id":"119756353065"},"date_created":"2025-07-29T15:30:57Z","id":123379752464,"live_mode":true,"type":"payment","user_id":"2398138093"}
2025-07-29T12:30:58.277-03:00  INFO 21104 --- [http-nio-8080-exec-3] c.e.a.controller.PaymentController       : Notificación recibida - Topic: null, Type: payment, Action: payment.created, Payment ID (final): 119756353065, Resource ID (JSON): null, External Reference (URL param): 1, External Entity Type from Param: CONSULTANCY
2025-07-29T12:30:58.277-03:00  INFO 21104 --- [http-nio-8080-exec-3] c.e.a.controller.PaymentController       : DEBUG: Entrando a la rama de 'payment' (creado o actualizado).
2025-07-29T12:30:58.277-03:00  INFO 21104 --- [http-nio-8080-exec-3] c.e.a.controller.PaymentController       : Recibida notificación de pago con ID: 119756353065
2025-07-29T12:30:58.293-03:00  INFO 21104 --- [http-nio-8080-exec-3] c.e.a.mercadopago.MercadoPagoService     : VALIDATION DEBUG: Recibiendo notificación. URL: http://b9a2863b2186.ngrok-free.app/alquila-seg/payments/webhooks?data.id=119756353065&external_entity_type=CONSULTANCY&source_external_reference=1&type=payment
2025-07-29T12:30:58.293-03:00  INFO 21104 --- [http-nio-8080-exec-3] c.e.a.mercadopago.MercadoPagoService     : VALIDATION DEBUG: x-signature header: ts=1753784944,v1=211e96e50259f69673f1cc34c2a366eb098e2d2f940e4d1c669bb3f384cce8f2
2025-07-29T12:30:58.293-03:00  INFO 21104 --- [http-nio-8080-exec-3] c.e.a.mercadopago.MercadoPagoService     : VALIDATION DEBUG: x-request-id header: 85e77d97-b25d-4f16-b031-65509f5be9e9
2025-07-29T12:30:58.293-03:00  INFO 21104 --- [http-nio-8080-exec-3] c.e.a.mercadopago.MercadoPagoService     : VALIDATION DEBUG: ts parsed: 1753784944
2025-07-29T12:30:58.293-03:00  INFO 21104 --- [http-nio-8080-exec-3] c.e.a.mercadopago.MercadoPagoService     : VALIDATION DEBUG: v1 parsed: 211e96e50259f69673f1cc34c2a366eb098e2d2f940e4d1c669bb3f384cce8f2
2025-07-29T12:30:58.293-03:00  INFO 21104 --- [http-nio-8080-exec-3] c.e.a.mercadopago.MercadoPagoService     : VALIDATION DEBUG: dataIdFromQueryParam (URL): 119756353065
2025-07-29T12:30:58.296-03:00  INFO 21104 --- [http-nio-8080-exec-3] c.e.a.mercadopago.utils.SignatureHelper  : Firma de webhook válida.
2025-07-29T12:30:58.296-03:00  INFO 21104 --- [http-nio-8080-exec-3] c.e.a.controller.PaymentController       : DEBUG: Firma de notificación de pago VÁLIDA. Procesando detalles.
2025-07-29T12:30:58.296-03:00  INFO 21104 --- [http-nio-8080-exec-3] c.e.a.controller.PaymentController       : processPaymentNotification iniciado para el ID: 119756353065, externalId: 1, externalEntityType: CONSULTANCY
2025-07-29T12:30:58.313-03:00  INFO 21104 --- [http-nio-8080-exec-7] c.e.a.controller.PaymentController       : Cuerpo completo de la notificación: {"resource":"119756353065","topic":"payment"}
2025-07-29T12:30:58.313-03:00  INFO 21104 --- [http-nio-8080-exec-7] c.e.a.controller.PaymentController       : Notificación recibida - Topic: payment, Type: null, Action: null, Payment ID (final): 119756353065, Resource ID (JSON): 119756353065, External Reference (URL param): 1, External Entity Type from Param: CONSULTANCY
2025-07-29T12:30:58.313-03:00  INFO 21104 --- [http-nio-8080-exec-7] c.e.a.controller.PaymentController       : DEBUG: Entrando a la rama de 'payment' (creado o actualizado).
2025-07-29T12:30:58.313-03:00  INFO 21104 --- [http-nio-8080-exec-7] c.e.a.controller.PaymentController       : Recibida notificación de pago con ID: 119756353065
2025-07-29T12:30:58.313-03:00  INFO 21104 --- [http-nio-8080-exec-7] c.e.a.mercadopago.MercadoPagoService     : VALIDATION DEBUG: Recibiendo notificación. URL: http://b9a2863b2186.ngrok-free.app/alquila-seg/payments/webhooks?external_entity_type=CONSULTANCY&id=119756353065&source_external_reference=1&topic=payment
2025-07-29T12:30:58.315-03:00  INFO 21104 --- [http-nio-8080-exec-7] c.e.a.mercadopago.MercadoPagoService     : VALIDATION DEBUG: x-signature header: ts=1753791661,v1=190a0cd87a805e9766083ad67605fba08653f7302fa09186132cb17d56d72c13
2025-07-29T12:30:58.315-03:00  INFO 21104 --- [http-nio-8080-exec-7] c.e.a.mercadopago.MercadoPagoService     : VALIDATION DEBUG: x-request-id header: 85e77d97-b25d-4f16-b031-65509f5be9e9
2025-07-29T12:30:58.315-03:00  INFO 21104 --- [http-nio-8080-exec-7] c.e.a.mercadopago.MercadoPagoService     : VALIDATION DEBUG: ts parsed: 1753791661
2025-07-29T12:30:58.315-03:00  INFO 21104 --- [http-nio-8080-exec-7] c.e.a.mercadopago.MercadoPagoService     : VALIDATION DEBUG: v1 parsed: 190a0cd87a805e9766083ad67605fba08653f7302fa09186132cb17d56d72c13
2025-07-29T12:30:58.315-03:00  INFO 21104 --- [http-nio-8080-exec-7] c.e.a.mercadopago.MercadoPagoService     : VALIDATION DEBUG: dataIdFromQueryParam (URL): 119756353065
2025-07-29T12:30:58.315-03:00  WARN 21104 --- [http-nio-8080-exec-7] c.e.a.mercadopago.utils.SignatureHelper  : Firma de webhook inválida. Calculada: d5a78dc6e21c7358da69cee6684bd671d89498e6cc5aa69da766f3c8c4711a40, Recibida: 190a0cd87a805e9766083ad67605fba08653f7302fa09186132cb17d56d72c13. Revise secret-key y construcción de la cadena.
2025-07-29T12:30:58.315-03:00  WARN 21104 --- [http-nio-8080-exec-7] c.e.a.controller.PaymentController       : DEBUG: Firma de notificación de pago INVÁLIDA para ID: 119756353065. Intentando fallback via API.
2025-07-29T12:30:58.315-03:00  INFO 21104 --- [http-nio-8080-exec-7] c.e.a.controller.PaymentController       : DEBUG: Intentando obtener detalles del pago 119756353065 directamente de la API de Mercado Pago.
2025-07-29T12:30:58.407-03:00  INFO 21104 --- [http-nio-8080-exec-8] c.e.a.controller.PaymentController       : Cuerpo completo de la notificación: {"resource":"https://api.mercadolibre.com/merchant_orders/32759804845","topic":"merchant_order"}
2025-07-29T12:30:58.407-03:00  INFO 21104 --- [http-nio-8080-exec-8] c.e.a.controller.PaymentController       : Notificación recibida - Topic: merchant_order, Type: null, Action: null, Payment ID (final): https://api.mercadolibre.com/merchant_orders/32759804845, Resource ID (JSON): https://api.mercadolibre.com/merchant_orders/32759804845, External Reference (URL param): 1, External Entity Type from Param: CONSULTANCY
2025-07-29T12:30:58.407-03:00  INFO 21104 --- [http-nio-8080-exec-8] c.e.a.controller.PaymentController       : DEBUG: Entrando a la rama de 'merchant_order'.
2025-07-29T12:30:58.409-03:00  INFO 21104 --- [http-nio-8080-exec-8] c.e.a.controller.PaymentController       : Notificación de orden comercial recibida. Respondiendo con OK.
2025-07-29T12:30:59.143-03:00  INFO 21104 --- [http-nio-8080-exec-7] c.e.a.mercadopago.MercadoPagoService     : Respuesta de getPaymentDetails para ID (simulado) 119756353065: ApiResponse(success=true, message=null, data=PaymentResponse(id=119756353065, reservationId=null, consultancyId=null, amount=10000, paymentMethod=debmaster, paymentStatus=APPROVED, paymentDate=2025-07-29T11:30:57, paymentReference=119756353065, paymentDescription=Acceso a consultoria sobre una propiedad., externalId=null, paymentIdMP=119756353065))
2025-07-29T12:30:59.143-03:00  INFO 21104 --- [http-nio-8080-exec-3] c.e.a.mercadopago.MercadoPagoService     : Respuesta de getPaymentDetails para ID (simulado) 119756353065: ApiResponse(success=true, message=null, data=PaymentResponse(id=119756353065, reservationId=null, consultancyId=null, amount=10000, paymentMethod=debmaster, paymentStatus=APPROVED, paymentDate=2025-07-29T11:30:57, paymentReference=119756353065, paymentDescription=Acceso a consultoria sobre una propiedad., externalId=null, paymentIdMP=119756353065))
2025-07-29T12:30:59.162-03:00  INFO 21104 --- [http-nio-8080-exec-7] c.e.a.controller.PaymentController       : DEBUG: Detalles del pago 119756353065 obtenidos exitosamente de la API. Estado: APPROVED
2025-07-29T12:30:59.162-03:00  INFO 21104 --- [http-nio-8080-exec-3] c.e.a.controller.PaymentController       : Detalles del pago obtenidos exitosamente para ID 119756353065: PaymentResponse(id=119756353065, reservationId=null, consultancyId=null, amount=10000, paymentMethod=debmaster, paymentStatus=APPROVED, paymentDate=2025-07-29T11:30:57, paymentReference=119756353065, paymentDescription=Acceso a consultoria sobre una propiedad., externalId=null, paymentIdMP=119756353065)
2025-07-29T12:30:59.170-03:00  INFO 21104 --- [http-nio-8080-exec-7] c.e.a.services.PaymentService            : updatePaymentStatusFromMercadoPago iniciado para MP Payment ID: 119756353065, MP Status: APPROVED, External ID: 1, Type: CONSULTANCY
2025-07-29T12:30:59.190-03:00  INFO 21104 --- [http-nio-8080-exec-7] c.e.a.services.PaymentService            : Pago PENDING encontrado en tu DB (ID: 4) para External ID: 1 y Type: CONSULTANCY
2025-07-29T12:30:59.190-03:00  INFO 21104 --- [http-nio-8080-exec-3] c.e.a.controller.PaymentController       : Pago PENDING encontrado en tu DB para externalId: 1 y externalEntityType: CONSULTANCY. ID del pago en tu DB: 4
2025-07-29T12:30:59.190-03:00  INFO 21104 --- [http-nio-8080-exec-7] c.e.a.services.PaymentService            : Actualizando paymentIdMP del pago 4 a 119756353065
2025-07-29T12:30:59.190-03:00  INFO 21104 --- [http-nio-8080-exec-3] c.e.a.controller.PaymentController       : Seteando paymentIdMP 119756353065 para el pago ID 4
2025-07-29T12:30:59.190-03:00  INFO 21104 --- [http-nio-8080-exec-7] c.e.a.services.PaymentService            : Actualizando paymentReference del pago 4 a 119756353065
2025-07-29T12:30:59.190-03:00  INFO 21104 --- [http-nio-8080-exec-7] c.e.a.services.PaymentService            : Estado del pago 4 actualizado en la base de datos de APPROVED a APPROVED
2025-07-29T12:30:59.199-03:00  INFO 21104 --- [http-nio-8080-exec-7] c.e.a.services.ConsultancyService        : Actualizando el estado de la consultoría 1 de PENDING a CONFIRMED debido al estado del pago: APPROVED
2025-07-29T12:30:59.233-03:00  INFO 21104 --- [http-nio-8080-exec-3] c.e.a.controller.PaymentController       : Pago ID 4 actualizado en la base de datos a estado APPROVED. paymentIdMP: 119756353065
2025-07-29T12:30:59.240-03:00  INFO 21104 --- [http-nio-8080-exec-3] c.e.a.services.ConsultancyService        : Actualizando el estado de la consultoría 1 de PENDING a CONFIRMED debido al estado del pago: APPROVED
2025-07-29T12:31:08.438-03:00  INFO 21104 --- [http-nio-8080-exec-7] c.e.a.services.ConsultancyService        : Emails de confirmación de consultoría enviados para ID 1 a gonzaseitz@gmail.com.
2025-07-29T12:31:08.439-03:00  INFO 21104 --- [http-nio-8080-exec-7] c.e.a.services.PaymentService            : Notificación de pago para consultoría ID 1. Lógica de actualización de consultoría (aún no implementada).
2025-07-29T12:31:08.456-03:00  INFO 21104 --- [http-nio-8080-exec-7] c.e.a.controller.PaymentController       : DEBUG: Notificación de pago procesada con éxito via FALLBACK API para ID: 119756353065
2025-07-29T12:31:08.457-03:00  INFO 21104 --- [http-nio-8080-exec-7] c.e.a.controller.PaymentController       : Datos notificación procesados para Payment ID: 119756353065
2025-07-29T12:31:09.477-03:00  INFO 21104 --- [http-nio-8080-exec-3] c.e.a.services.ConsultancyService        : Emails de confirmación de consultoría enviados para ID 1 a gonzaseitz@gmail.com.
2025-07-29T12:31:09.490-03:00  INFO 21104 --- [http-nio-8080-exec-3] c.e.a.controller.PaymentController       : Disparado updateConsultancyStatusByPayment para Consultoria ID 1 con estado MP: APPROVED
2025-07-29T12:31:09.490-03:00  INFO 21104 --- [http-nio-8080-exec-3] c.e.a.controller.PaymentController       : Datos notificación procesados para Payment ID: 119756353065
2025-07-29T12:39:12.186-03:00  WARN 21104 --- [HikariPool-1 housekeeper] com.zaxxer.hikari.pool.HikariPool        : HikariPool-1 - Thread starvation or clock leap detected (housekeeper delta=1m39s471ms583µs700ns).
2025-07-29T12:39:48.032-03:00  INFO 21104 --- [http-nio-8080-exec-10] c.e.a.services.PaymentService            : Pago creado en la base de datos: Payment(id=5, reservation=null, consultancy=Consultancy(id=2, client=null, payments=null, details=null, requestedAt=null, status=null, confirmationEmailSent=false), amount=10000, paymentMethod=Mercado Pago, paymentDate=2025-07-29T12:39:48.032639600, paymentReference=2398138093-f4cf63ba-71d0-44b4-a28e-a69ba57ab086, paymentDescription=Creación de preferencia de consultoría, paymentStatus=PENDING, paymentIdMP=null, externalId=2, externalEntityType=CONSULTANCY)
2025-07-29T12:40:16.836-03:00  INFO 21104 --- [http-nio-8080-exec-7] c.e.a.controller.PaymentController       : Cuerpo completo de la notificación: {"resource":"https://api.mercadolibre.com/merchant_orders/32760036521","topic":"merchant_order"}
2025-07-29T12:40:16.844-03:00  INFO 21104 --- [http-nio-8080-exec-7] c.e.a.controller.PaymentController       : Notificación recibida - Topic: merchant_order, Type: null, Action: null, Payment ID (final): https://api.mercadolibre.com/merchant_orders/32760036521, Resource ID (JSON): https://api.mercadolibre.com/merchant_orders/32760036521, External Reference (URL param): 2, External Entity Type from Param: CONSULTANCY
2025-07-29T12:40:16.845-03:00  INFO 21104 --- [http-nio-8080-exec-7] c.e.a.controller.PaymentController       : DEBUG: Entrando a la rama de 'merchant_order'.
2025-07-29T12:40:16.845-03:00  INFO 21104 --- [http-nio-8080-exec-7] c.e.a.controller.PaymentController       : Notificación de orden comercial recibida. Respondiendo con OK.
2025-07-29T12:40:18.288-03:00  INFO 21104 --- [http-nio-8080-exec-3] c.e.a.controller.PaymentController       : Cuerpo completo de la notificación: {"action":"payment.created","api_version":"v1","data":{"id":"119757360789"},"date_created":"2025-07-29T15:40:17Z","id":123299139629,"live_mode":true,"type":"payment","user_id":"2398138093"}
2025-07-29T12:40:18.290-03:00  INFO 21104 --- [http-nio-8080-exec-3] c.e.a.controller.PaymentController       : Notificación recibida - Topic: null, Type: payment, Action: payment.created, Payment ID (final): 119757360789, Resource ID (JSON): null, External Reference (URL param): 2, External Entity Type from Param: CONSULTANCY
2025-07-29T12:40:18.290-03:00  INFO 21104 --- [http-nio-8080-exec-3] c.e.a.controller.PaymentController       : DEBUG: Entrando a la rama de 'payment' (creado o actualizado).
2025-07-29T12:40:18.290-03:00  INFO 21104 --- [http-nio-8080-exec-3] c.e.a.controller.PaymentController       : Recibida notificación de pago con ID: 119757360789
2025-07-29T12:40:18.290-03:00  INFO 21104 --- [http-nio-8080-exec-3] c.e.a.mercadopago.MercadoPagoService     : VALIDATION DEBUG: Recibiendo notificación. URL: http://b9a2863b2186.ngrok-free.app/alquila-seg/payments/webhooks?data.id=119757360789&external_entity_type=CONSULTANCY&source_external_reference=2&type=payment
2025-07-29T12:40:18.290-03:00  INFO 21104 --- [http-nio-8080-exec-3] c.e.a.mercadopago.MercadoPagoService     : VALIDATION DEBUG: x-signature header: ts=1753791668,v1=b9505b78517e07e33b8ddff3408b83f443e4facefccc9a056a02d853242a2ff3
2025-07-29T12:40:18.290-03:00  INFO 21104 --- [http-nio-8080-exec-3] c.e.a.mercadopago.MercadoPagoService     : VALIDATION DEBUG: x-request-id header: ed956eb2-8931-45cc-afe7-b90b0d3e974a
2025-07-29T12:40:18.290-03:00  INFO 21104 --- [http-nio-8080-exec-3] c.e.a.mercadopago.MercadoPagoService     : VALIDATION DEBUG: ts parsed: 1753791668
2025-07-29T12:40:18.290-03:00  INFO 21104 --- [http-nio-8080-exec-3] c.e.a.mercadopago.MercadoPagoService     : VALIDATION DEBUG: v1 parsed: b9505b78517e07e33b8ddff3408b83f443e4facefccc9a056a02d853242a2ff3
2025-07-29T12:40:18.290-03:00  INFO 21104 --- [http-nio-8080-exec-3] c.e.a.mercadopago.MercadoPagoService     : VALIDATION DEBUG: dataIdFromQueryParam (URL): 119757360789
2025-07-29T12:40:18.291-03:00  INFO 21104 --- [http-nio-8080-exec-3] c.e.a.mercadopago.utils.SignatureHelper  : Firma de webhook válida.
2025-07-29T12:40:18.291-03:00  INFO 21104 --- [http-nio-8080-exec-3] c.e.a.controller.PaymentController       : DEBUG: Firma de notificación de pago VÁLIDA. Procesando detalles.
2025-07-29T12:40:18.291-03:00  INFO 21104 --- [http-nio-8080-exec-3] c.e.a.controller.PaymentController       : processPaymentNotification iniciado para el ID: 119757360789, externalId: 2, externalEntityType: CONSULTANCY
2025-07-29T12:40:18.335-03:00  INFO 21104 --- [http-nio-8080-exec-9] c.e.a.controller.PaymentController       : Cuerpo completo de la notificación: {"resource":"119757360789","topic":"payment"}
2025-07-29T12:40:18.336-03:00  INFO 21104 --- [http-nio-8080-exec-9] c.e.a.controller.PaymentController       : Notificación recibida - Topic: payment, Type: null, Action: null, Payment ID (final): 119757360789, Resource ID (JSON): 119757360789, External Reference (URL param): 2, External Entity Type from Param: CONSULTANCY
2025-07-29T12:40:18.336-03:00  INFO 21104 --- [http-nio-8080-exec-9] c.e.a.controller.PaymentController       : DEBUG: Entrando a la rama de 'payment' (creado o actualizado).
2025-07-29T12:40:18.336-03:00  INFO 21104 --- [http-nio-8080-exec-9] c.e.a.controller.PaymentController       : Recibida notificación de pago con ID: 119757360789
2025-07-29T12:40:18.336-03:00  INFO 21104 --- [http-nio-8080-exec-9] c.e.a.mercadopago.MercadoPagoService     : VALIDATION DEBUG: Recibiendo notificación. URL: http://b9a2863b2186.ngrok-free.app/alquila-seg/payments/webhooks?external_entity_type=CONSULTANCY&id=119757360789&source_external_reference=2&topic=payment
2025-07-29T12:40:18.336-03:00  INFO 21104 --- [http-nio-8080-exec-9] c.e.a.mercadopago.MercadoPagoService     : VALIDATION DEBUG: x-signature header: ts=1753798565,v1=83305300053cb21b17f5d52b2633f1f7b04c17852272fcf26bdae47c1fab1a30
2025-07-29T12:40:18.336-03:00  INFO 21104 --- [http-nio-8080-exec-9] c.e.a.mercadopago.MercadoPagoService     : VALIDATION DEBUG: x-request-id header: ed956eb2-8931-45cc-afe7-b90b0d3e974a
2025-07-29T12:40:18.336-03:00  INFO 21104 --- [http-nio-8080-exec-9] c.e.a.mercadopago.MercadoPagoService     : VALIDATION DEBUG: ts parsed: 1753798565
2025-07-29T12:40:18.336-03:00  INFO 21104 --- [http-nio-8080-exec-9] c.e.a.mercadopago.MercadoPagoService     : VALIDATION DEBUG: v1 parsed: 83305300053cb21b17f5d52b2633f1f7b04c17852272fcf26bdae47c1fab1a30
2025-07-29T12:40:18.336-03:00  INFO 21104 --- [http-nio-8080-exec-9] c.e.a.mercadopago.MercadoPagoService     : VALIDATION DEBUG: dataIdFromQueryParam (URL): 119757360789
2025-07-29T12:40:18.336-03:00  WARN 21104 --- [http-nio-8080-exec-9] c.e.a.mercadopago.utils.SignatureHelper  : Firma de webhook inválida. Calculada: a6a354305cf756c292f6bc08ab32f1e8d069f6f07367fdc8968098b6e5e18090, Recibida: 83305300053cb21b17f5d52b2633f1f7b04c17852272fcf26bdae47c1fab1a30. Revise secret-key y construcción de la cadena.
2025-07-29T12:40:18.336-03:00  WARN 21104 --- [http-nio-8080-exec-9] c.e.a.controller.PaymentController       : DEBUG: Firma de notificación de pago INVÁLIDA para ID: 119757360789. Intentando fallback via API.
2025-07-29T12:40:18.336-03:00  INFO 21104 --- [http-nio-8080-exec-9] c.e.a.controller.PaymentController       : DEBUG: Intentando obtener detalles del pago 119757360789 directamente de la API de Mercado Pago.
2025-07-29T12:40:18.467-03:00  INFO 21104 --- [http-nio-8080-exec-4] c.e.a.controller.PaymentController       : Cuerpo completo de la notificación: {"resource":"https://api.mercadolibre.com/merchant_orders/32760036521","topic":"merchant_order"}
2025-07-29T12:40:18.468-03:00  INFO 21104 --- [http-nio-8080-exec-4] c.e.a.controller.PaymentController       : Notificación recibida - Topic: merchant_order, Type: null, Action: null, Payment ID (final): https://api.mercadolibre.com/merchant_orders/32760036521, Resource ID (JSON): https://api.mercadolibre.com/merchant_orders/32760036521, External Reference (URL param): 2, External Entity Type from Param: CONSULTANCY
2025-07-29T12:40:18.468-03:00  INFO 21104 --- [http-nio-8080-exec-4] c.e.a.controller.PaymentController       : DEBUG: Entrando a la rama de 'merchant_order'.
2025-07-29T12:40:18.468-03:00  INFO 21104 --- [http-nio-8080-exec-4] c.e.a.controller.PaymentController       : Notificación de orden comercial recibida. Respondiendo con OK.
2025-07-29T12:40:19.021-03:00  INFO 21104 --- [http-nio-8080-exec-3] c.e.a.mercadopago.MercadoPagoService     : Respuesta de getPaymentDetails para ID (simulado) 119757360789: ApiResponse(success=true, message=null, data=PaymentResponse(id=119757360789, reservationId=null, consultancyId=null, amount=10000, paymentMethod=debmaster, paymentStatus=APPROVED, paymentDate=2025-07-29T11:40:17, paymentReference=119757360789, paymentDescription=Acceso a consultoria sobre una propiedad., externalId=null, paymentIdMP=119757360789))
2025-07-29T12:40:19.021-03:00  INFO 21104 --- [http-nio-8080-exec-3] c.e.a.controller.PaymentController       : Detalles del pago obtenidos exitosamente para ID 119757360789: PaymentResponse(id=119757360789, reservationId=null, consultancyId=null, amount=10000, paymentMethod=debmaster, paymentStatus=APPROVED, paymentDate=2025-07-29T11:40:17, paymentReference=119757360789, paymentDescription=Acceso a consultoria sobre una propiedad., externalId=null, paymentIdMP=119757360789)
2025-07-29T12:40:19.027-03:00  INFO 21104 --- [http-nio-8080-exec-3] c.e.a.controller.PaymentController       : Pago PENDING encontrado en tu DB para externalId: 2 y externalEntityType: CONSULTANCY. ID del pago en tu DB: 5
2025-07-29T12:40:19.027-03:00  INFO 21104 --- [http-nio-8080-exec-3] c.e.a.controller.PaymentController       : Seteando paymentIdMP 119757360789 para el pago ID 5
2025-07-29T12:40:19.029-03:00  INFO 21104 --- [http-nio-8080-exec-3] c.e.a.controller.PaymentController       : Pago ID 5 actualizado en la base de datos a estado APPROVED. paymentIdMP: 119757360789
2025-07-29T12:40:19.032-03:00  INFO 21104 --- [http-nio-8080-exec-3] c.e.a.services.ConsultancyService        : Actualizando el estado de la consultoría 2 de PENDING a CONFIRMED debido al estado del pago: APPROVED
2025-07-29T12:40:19.045-03:00  INFO 21104 --- [http-nio-8080-exec-9] c.e.a.mercadopago.MercadoPagoService     : Respuesta de getPaymentDetails para ID (simulado) 119757360789: ApiResponse(success=true, message=null, data=PaymentResponse(id=119757360789, reservationId=null, consultancyId=null, amount=10000, paymentMethod=debmaster, paymentStatus=APPROVED, paymentDate=2025-07-29T11:40:17, paymentReference=119757360789, paymentDescription=Acceso a consultoria sobre una propiedad., externalId=null, paymentIdMP=119757360789))
2025-07-29T12:40:19.045-03:00  INFO 21104 --- [http-nio-8080-exec-9] c.e.a.controller.PaymentController       : DEBUG: Detalles del pago 119757360789 obtenidos exitosamente de la API. Estado: APPROVED
2025-07-29T12:40:19.046-03:00  INFO 21104 --- [http-nio-8080-exec-9] c.e.a.services.PaymentService            : updatePaymentStatusFromMercadoPago iniciado para MP Payment ID: 119757360789, MP Status: APPROVED, External ID: 2, Type: CONSULTANCY
2025-07-29T12:40:19.050-03:00  WARN 21104 --- [http-nio-8080-exec-9] c.e.a.services.PaymentService            : No se encontró un pago PENDING para External ID: 2 y Type: CONSULTANCY. Intentando buscar por Payment ID MP: 119757360789
2025-07-29T12:40:19.062-03:00  INFO 21104 --- [http-nio-8080-exec-9] c.e.a.services.PaymentService            : Pago existente encontrado en tu DB por Payment ID MP (ID: 5)
2025-07-29T12:40:19.062-03:00  INFO 21104 --- [http-nio-8080-exec-9] c.e.a.services.PaymentService            : El pago con ID MP 119757360789 ya tiene el estado APPROVED. No se requiere actualización de estado.
2025-07-29T12:40:19.062-03:00  INFO 21104 --- [http-nio-8080-exec-9] c.e.a.services.PaymentService            : Datos de referencia/ID de MP actualizados para pago ID 5 aunque el estado no cambió.
2025-07-29T12:40:19.063-03:00  INFO 21104 --- [http-nio-8080-exec-9] c.e.a.controller.PaymentController       : DEBUG: Notificación de pago procesada con éxito via FALLBACK API para ID: 119757360789
2025-07-29T12:40:19.063-03:00  INFO 21104 --- [http-nio-8080-exec-9] c.e.a.controller.PaymentController       : Datos notificación procesados para Payment ID: 119757360789
2025-07-29T12:40:25.240-03:00  INFO 21104 --- [http-nio-8080-exec-3] c.e.a.services.ConsultancyService        : Emails de confirmación de consultoría enviados para ID 2 a gonzaseitz@gmail.com.
2025-07-29T12:40:25.250-03:00  INFO 21104 --- [http-nio-8080-exec-3] c.e.a.controller.PaymentController       : Disparado updateConsultancyStatusByPayment para Consultoria ID 2 con estado MP: APPROVED
2025-07-29T12:40:25.250-03:00  INFO 21104 --- [http-nio-8080-exec-3] c.e.a.controller.PaymentController       : Datos notificación procesados para Payment ID: 119757360789
2025-07-29T12:46:03.467-03:00  INFO 21104 --- [http-nio-8080-exec-10] c.e.a.s.service.UserDetailsServiceImpl   : Autenticando al usuario: {} gonz
2025-07-29T12:46:03.493-03:00  INFO 21104 --- [http-nio-8080-exec-7] c.e.a.s.service.UserDetailsServiceImpl   : Autenticando al usuario: {} gonz
2025-07-29T12:46:04.713-03:00  INFO 21104 --- [http-nio-8080-exec-4] c.e.a.s.service.UserDetailsServiceImpl   : Autenticando al usuario: {} gonz
2025-07-29T12:46:04.735-03:00  INFO 21104 --- [http-nio-8080-exec-9] c.e.a.s.service.UserDetailsServiceImpl   : Autenticando al usuario: {} gonz
2025-07-29T12:46:04.737-03:00  INFO 21104 --- [http-nio-8080-exec-3] c.e.a.s.service.UserDetailsServiceImpl   : Autenticando al usuario: {} gonz
2025-07-29T12:46:04.793-03:00  INFO 21104 --- [http-nio-8080-exec-2] c.e.a.s.service.UserDetailsServiceImpl   : Autenticando al usuario: {} gonz
2025-07-29T12:46:23.012-03:00  INFO 21104 --- [http-nio-8080-exec-6] c.e.a.services.PaymentService            : Pago creado en la base de datos: Payment(id=6, reservation=Reservation(id=4, client=null, invoice=null, contract=null, payments=null, startDate=null, endDate=null, status=null), consultancy=null, amount=30000.0, paymentMethod=Mercado Pago, paymentDate=2025-07-29T12:46:23.000061900, paymentReference=2398138093-a02d377e-5d0c-4b4a-a302-dd55632e958a, paymentDescription=Creación de preferencia de reserva, paymentStatus=PENDING, paymentIdMP=null, externalId=4, externalEntityType=RESERVATION)
2025-07-29T12:46:51.436-03:00  INFO 21104 --- [http-nio-8080-exec-8] c.e.a.controller.PaymentController       : Cuerpo completo de la notificación: {"resource":"https://api.mercadolibre.com/merchant_orders/32782820114","topic":"merchant_order"}
2025-07-29T12:46:51.436-03:00  INFO 21104 --- [http-nio-8080-exec-8] c.e.a.controller.PaymentController       : Notificación recibida - Topic: merchant_order, Type: null, Action: null, Payment ID (final): https://api.mercadolibre.com/merchant_orders/32782820114, Resource ID (JSON): https://api.mercadolibre.com/merchant_orders/32782820114, External Reference (URL param): 4, External Entity Type from Param: RESERVATION
2025-07-29T12:46:51.436-03:00  INFO 21104 --- [http-nio-8080-exec-8] c.e.a.controller.PaymentController       : DEBUG: Entrando a la rama de 'merchant_order'.
2025-07-29T12:46:51.436-03:00  INFO 21104 --- [http-nio-8080-exec-8] c.e.a.controller.PaymentController       : Notificación de orden comercial recibida. Respondiendo con OK.
2025-07-29T12:46:52.844-03:00  INFO 21104 --- [http-nio-8080-exec-7] c.e.a.controller.PaymentController       : Cuerpo completo de la notificación: {"resource":"120272307558","topic":"payment"}
2025-07-29T12:46:52.844-03:00  INFO 21104 --- [http-nio-8080-exec-7] c.e.a.controller.PaymentController       : Notificación recibida - Topic: payment, Type: null, Action: null, Payment ID (final): 120272307558, Resource ID (JSON): 120272307558, External Reference (URL param): 4, External Entity Type from Param: RESERVATION
2025-07-29T12:46:52.844-03:00  INFO 21104 --- [http-nio-8080-exec-10] c.e.a.controller.PaymentController       : Cuerpo completo de la notificación: {"action":"payment.created","api_version":"v1","data":{"id":"120272307558"},"date_created":"2025-07-29T15:46:52Z","id":123380090502,"live_mode":true,"type":"payment","user_id":"2398138093"}
2025-07-29T12:46:52.844-03:00  INFO 21104 --- [http-nio-8080-exec-7] c.e.a.controller.PaymentController       : DEBUG: Entrando a la rama de 'payment' (creado o actualizado).
2025-07-29T12:46:52.844-03:00  INFO 21104 --- [http-nio-8080-exec-7] c.e.a.controller.PaymentController       : Recibida notificación de pago con ID: 120272307558
2025-07-29T12:46:52.844-03:00  INFO 21104 --- [http-nio-8080-exec-10] c.e.a.controller.PaymentController       : Notificación recibida - Topic: null, Type: payment, Action: payment.created, Payment ID (final): 120272307558, Resource ID (JSON): null, External Reference (URL param): 4, External Entity Type from Param: RESERVATION
2025-07-29T12:46:52.844-03:00  INFO 21104 --- [http-nio-8080-exec-7] c.e.a.mercadopago.MercadoPagoService     : VALIDATION DEBUG: Recibiendo notificación. URL: http://b9a2863b2186.ngrok-free.app/alquila-seg/payments/webhooks?external_entity_type=RESERVATION&id=120272307558&source_external_reference=4&topic=payment
2025-07-29T12:46:52.844-03:00  INFO 21104 --- [http-nio-8080-exec-10] c.e.a.controller.PaymentController       : DEBUG: Entrando a la rama de 'payment' (creado o actualizado).
2025-07-29T12:46:52.844-03:00  INFO 21104 --- [http-nio-8080-exec-10] c.e.a.controller.PaymentController       : Recibida notificación de pago con ID: 120272307558
2025-07-29T12:46:52.844-03:00  INFO 21104 --- [http-nio-8080-exec-7] c.e.a.mercadopago.MercadoPagoService     : VALIDATION DEBUG: x-signature header: ts=1753791665,v1=9da99f456f0f757e87552a0acb7ecfdb918c71680af76c213d4742f3408cfcb4
2025-07-29T12:46:52.844-03:00  INFO 21104 --- [http-nio-8080-exec-7] c.e.a.mercadopago.MercadoPagoService     : VALIDATION DEBUG: x-request-id header: 1e19dd94-5807-4d32-a65a-e936e28584e0
2025-07-29T12:46:52.844-03:00  INFO 21104 --- [http-nio-8080-exec-10] c.e.a.mercadopago.MercadoPagoService     : VALIDATION DEBUG: Recibiendo notificación. URL: http://b9a2863b2186.ngrok-free.app/alquila-seg/payments/webhooks?data.id=120272307558&external_entity_type=RESERVATION&source_external_reference=4&type=payment
2025-07-29T12:46:52.844-03:00  INFO 21104 --- [http-nio-8080-exec-7] c.e.a.mercadopago.MercadoPagoService     : VALIDATION DEBUG: ts parsed: 1753791665
2025-07-29T12:46:52.844-03:00  INFO 21104 --- [http-nio-8080-exec-10] c.e.a.mercadopago.MercadoPagoService     : VALIDATION DEBUG: x-signature header: ts=1753784946,v1=80e07b571ea88e7b60671ab352dd44667e3620dfd7dbeb2a7f839b9ada420e89
2025-07-29T12:46:52.844-03:00  INFO 21104 --- [http-nio-8080-exec-10] c.e.a.mercadopago.MercadoPagoService     : VALIDATION DEBUG: x-request-id header: 1e19dd94-5807-4d32-a65a-e936e28584e0
2025-07-29T12:46:52.844-03:00  INFO 21104 --- [http-nio-8080-exec-10] c.e.a.mercadopago.MercadoPagoService     : VALIDATION DEBUG: ts parsed: 1753784946
2025-07-29T12:46:52.844-03:00  INFO 21104 --- [http-nio-8080-exec-10] c.e.a.mercadopago.MercadoPagoService     : VALIDATION DEBUG: v1 parsed: 80e07b571ea88e7b60671ab352dd44667e3620dfd7dbeb2a7f839b9ada420e89
2025-07-29T12:46:52.844-03:00  INFO 21104 --- [http-nio-8080-exec-7] c.e.a.mercadopago.MercadoPagoService     : VALIDATION DEBUG: v1 parsed: 9da99f456f0f757e87552a0acb7ecfdb918c71680af76c213d4742f3408cfcb4
2025-07-29T12:46:52.844-03:00  INFO 21104 --- [http-nio-8080-exec-10] c.e.a.mercadopago.MercadoPagoService     : VALIDATION DEBUG: dataIdFromQueryParam (URL): 120272307558
2025-07-29T12:46:52.844-03:00  INFO 21104 --- [http-nio-8080-exec-7] c.e.a.mercadopago.MercadoPagoService     : VALIDATION DEBUG: dataIdFromQueryParam (URL): 120272307558
2025-07-29T12:46:52.844-03:00  INFO 21104 --- [http-nio-8080-exec-10] c.e.a.mercadopago.utils.SignatureHelper  : Firma de webhook válida.
2025-07-29T12:46:52.844-03:00  INFO 21104 --- [http-nio-8080-exec-10] c.e.a.controller.PaymentController       : DEBUG: Firma de notificación de pago VÁLIDA. Procesando detalles.
2025-07-29T12:46:52.849-03:00  INFO 21104 --- [http-nio-8080-exec-10] c.e.a.controller.PaymentController       : processPaymentNotification iniciado para el ID: 120272307558, externalId: 4, externalEntityType: RESERVATION
2025-07-29T12:46:52.844-03:00  WARN 21104 --- [http-nio-8080-exec-7] c.e.a.mercadopago.utils.SignatureHelper  : Firma de webhook inválida. Calculada: 0fb27e23db8e8d639252bcbe6b1abddace477c43c665e8bdb8bea02ef4d89d24, Recibida: 9da99f456f0f757e87552a0acb7ecfdb918c71680af76c213d4742f3408cfcb4. Revise secret-key y construcción de la cadena.
2025-07-29T12:46:52.849-03:00  WARN 21104 --- [http-nio-8080-exec-7] c.e.a.controller.PaymentController       : DEBUG: Firma de notificación de pago INVÁLIDA para ID: 120272307558. Intentando fallback via API.
2025-07-29T12:46:52.849-03:00  INFO 21104 --- [http-nio-8080-exec-7] c.e.a.controller.PaymentController       : DEBUG: Intentando obtener detalles del pago 120272307558 directamente de la API de Mercado Pago.
2025-07-29T12:46:52.951-03:00  INFO 21104 --- [http-nio-8080-exec-4] c.e.a.controller.PaymentController       : Cuerpo completo de la notificación: {"resource":"https://api.mercadolibre.com/merchant_orders/32782820114","topic":"merchant_order"}
2025-07-29T12:46:52.951-03:00  INFO 21104 --- [http-nio-8080-exec-4] c.e.a.controller.PaymentController       : Notificación recibida - Topic: merchant_order, Type: null, Action: null, Payment ID (final): https://api.mercadolibre.com/merchant_orders/32782820114, Resource ID (JSON): https://api.mercadolibre.com/merchant_orders/32782820114, External Reference (URL param): 4, External Entity Type from Param: RESERVATION
2025-07-29T12:46:52.951-03:00  INFO 21104 --- [http-nio-8080-exec-4] c.e.a.controller.PaymentController       : DEBUG: Entrando a la rama de 'merchant_order'.
2025-07-29T12:46:52.951-03:00  INFO 21104 --- [http-nio-8080-exec-4] c.e.a.controller.PaymentController       : Notificación de orden comercial recibida. Respondiendo con OK.
2025-07-29T12:46:53.473-03:00  INFO 21104 --- [http-nio-8080-exec-7] c.e.a.mercadopago.MercadoPagoService     : Respuesta de getPaymentDetails para ID (simulado) 120272307558: ApiResponse(success=true, message=null, data=PaymentResponse(id=120272307558, reservationId=null, consultancyId=null, amount=30000, paymentMethod=debmaster, paymentStatus=APPROVED, paymentDate=2025-07-29T11:46:52, paymentReference=120272307558, paymentDescription=Propiedad Test Los Troncos, externalId=null, paymentIdMP=120272307558))
2025-07-29T12:46:53.473-03:00  INFO 21104 --- [http-nio-8080-exec-10] c.e.a.mercadopago.MercadoPagoService     : Respuesta de getPaymentDetails para ID (simulado) 120272307558: ApiResponse(success=true, message=null, data=PaymentResponse(id=120272307558, reservationId=null, consultancyId=null, amount=30000, paymentMethod=debmaster, paymentStatus=APPROVED, paymentDate=2025-07-29T11:46:52, paymentReference=120272307558, paymentDescription=Propiedad Test Los Troncos, externalId=null, paymentIdMP=120272307558))
2025-07-29T12:46:53.473-03:00  INFO 21104 --- [http-nio-8080-exec-7] c.e.a.controller.PaymentController       : DEBUG: Detalles del pago 120272307558 obtenidos exitosamente de la API. Estado: APPROVED
2025-07-29T12:46:53.473-03:00  INFO 21104 --- [http-nio-8080-exec-10] c.e.a.controller.PaymentController       : Detalles del pago obtenidos exitosamente para ID 120272307558: PaymentResponse(id=120272307558, reservationId=null, consultancyId=null, amount=30000, paymentMethod=debmaster, paymentStatus=APPROVED, paymentDate=2025-07-29T11:46:52, paymentReference=120272307558, paymentDescription=Propiedad Test Los Troncos, externalId=null, paymentIdMP=120272307558)
2025-07-29T12:46:53.473-03:00  INFO 21104 --- [http-nio-8080-exec-7] c.e.a.services.PaymentService            : updatePaymentStatusFromMercadoPago iniciado para MP Payment ID: 120272307558, MP Status: APPROVED, External ID: 4, Type: RESERVATION
2025-07-29T12:46:53.489-03:00  INFO 21104 --- [http-nio-8080-exec-7] c.e.a.services.PaymentService            : Pago PENDING encontrado en tu DB (ID: 6) para External ID: 4 y Type: RESERVATION
2025-07-29T12:46:53.489-03:00  INFO 21104 --- [http-nio-8080-exec-10] c.e.a.controller.PaymentController       : Pago PENDING encontrado en tu DB para externalId: 4 y externalEntityType: RESERVATION. ID del pago en tu DB: 6
2025-07-29T12:46:53.489-03:00  INFO 21104 --- [http-nio-8080-exec-7] c.e.a.services.PaymentService            : Actualizando paymentIdMP del pago 6 a 120272307558
2025-07-29T12:46:53.489-03:00  INFO 21104 --- [http-nio-8080-exec-7] c.e.a.services.PaymentService            : Actualizando paymentReference del pago 6 a 120272307558
2025-07-29T12:46:53.489-03:00  INFO 21104 --- [http-nio-8080-exec-10] c.e.a.controller.PaymentController       : Seteando paymentIdMP 120272307558 para el pago ID 6
2025-07-29T12:46:53.489-03:00  INFO 21104 --- [http-nio-8080-exec-7] c.e.a.services.PaymentService            : Estado del pago 6 actualizado en la base de datos de APPROVED a APPROVED
2025-07-29T12:46:53.495-03:00  INFO 21104 --- [http-nio-8080-exec-10] c.e.a.controller.PaymentController       : Pago ID 6 actualizado en la base de datos a estado APPROVED. paymentIdMP: 120272307558
2025-07-29T12:46:53.502-03:00  INFO 21104 --- [http-nio-8080-exec-7] c.e.a.services.ReservationService        : Actualizando el estado de la reserva 4 a CONFIRMED debido al estado del pago: APPROVED
2025-07-29T12:46:53.502-03:00  INFO 21104 --- [http-nio-8080-exec-7] c.e.a.services.PaymentService            : Disparado updateReservationStatusByPayment para Reserva ID 4 con estado MP: APPROVED
2025-07-29T12:46:53.502-03:00  INFO 21104 --- [http-nio-8080-exec-10] c.e.a.services.ReservationService        : Actualizando el estado de la reserva 4 a CONFIRMED debido al estado del pago: APPROVED
2025-07-29T12:46:53.508-03:00  INFO 21104 --- [http-nio-8080-exec-10] c.e.a.controller.PaymentController       : Disparado updateReservationStatusByPayment para Reserva ID 4 con estado MP: APPROVED
2025-07-29T12:46:53.508-03:00  INFO 21104 --- [http-nio-8080-exec-7] c.e.a.controller.PaymentController       : DEBUG: Notificación de pago procesada con éxito via FALLBACK API para ID: 120272307558
2025-07-29T12:46:53.508-03:00  INFO 21104 --- [http-nio-8080-exec-7] c.e.a.controller.PaymentController       : Datos notificación procesados para Payment ID: 120272307558
2025-07-29T12:46:56.800-03:00  INFO 21104 --- [http-nio-8080-exec-10] c.e.a.services.EmailService              : Email enviado a: gonzaseitz@gmail.com 
2025-07-29T12:46:59.866-03:00  INFO 21104 --- [http-nio-8080-exec-10] c.e.a.services.EmailService              : Email enviado a: gonzaseitz@gmail.com 
2025-07-29T12:46:59.881-03:00  INFO 21104 --- [http-nio-8080-exec-10] c.e.a.services.EmailService              : Estados de factura 4 y contrato 4 actualizados a SENT.
2025-07-29T12:46:59.881-03:00  INFO 21104 --- [http-nio-8080-exec-10] c.e.a.controller.PaymentController       : Datos notificación procesados para Payment ID: 120272307558
2025-07-29T12:49:32.209-03:00  INFO 21104 --- [SpringApplicationShutdownHook] o.s.b.w.e.tomcat.GracefulShutdown        : Commencing graceful shutdown. Waiting for active requests to complete
2025-07-29T12:49:32.252-03:00  INFO 21104 --- [tomcat-shutdown] o.s.b.w.e.tomcat.GracefulShutdown        : Graceful shutdown complete
2025-07-29T12:49:32.304-03:00  INFO 21104 --- [SpringApplicationShutdownHook] j.LocalContainerEntityManagerFactoryBean : Closing JPA EntityManagerFactory for persistence unit 'default'
2025-07-29T12:49:32.570-03:00  INFO 21104 --- [SpringApplicationShutdownHook] com.zaxxer.hikari.HikariDataSource       : HikariPool-1 - Shutdown initiated...
2025-07-29T12:49:32.578-03:00  INFO 21104 --- [SpringApplicationShutdownHook] com.zaxxer.hikari.HikariDataSource       : HikariPool-1 - Shutdown completed.
2025-07-29T12:50:01.216-03:00  INFO 10208 --- [restartedMain] c.e.a.AlquilaSeguroBackendApplication    : Starting AlquilaSeguroBackendApplication using Java 21.0.2 with PID 10208 (C:\Users\noteb\OneDrive\Escritorio\alquila-seguro-app-backend\alquila-seguro-backend\target\classes started by Usuario in C:\Users\noteb\OneDrive\Escritorio\alquila-seguro-app-backend)
2025-07-29T12:50:01.224-03:00  INFO 10208 --- [restartedMain] c.e.a.AlquilaSeguroBackendApplication    : The following 1 profile is active: "PREPROD"
2025-07-29T12:50:01.279-03:00  INFO 10208 --- [restartedMain] .e.DevToolsPropertyDefaultsPostProcessor : Devtools property defaults active! Set 'spring.devtools.add-properties' to 'false' to disable
2025-07-29T12:50:01.279-03:00  INFO 10208 --- [restartedMain] .e.DevToolsPropertyDefaultsPostProcessor : For additional web related logging consider setting the 'logging.level.web' property to 'DEBUG'
2025-07-29T12:50:02.405-03:00  INFO 10208 --- [restartedMain] .s.d.r.c.RepositoryConfigurationDelegate : Bootstrapping Spring Data JPA repositories in DEFAULT mode.
2025-07-29T12:50:02.572-03:00  INFO 10208 --- [restartedMain] .s.d.r.c.RepositoryConfigurationDelegate : Finished Spring Data repository scanning in 154 ms. Found 8 JPA repository interfaces.
2025-07-29T12:50:03.379-03:00  INFO 10208 --- [restartedMain] o.s.b.w.embedded.tomcat.TomcatWebServer  : Tomcat initialized with port 8080 (http)
2025-07-29T12:50:03.396-03:00  INFO 10208 --- [restartedMain] o.apache.catalina.core.StandardService   : Starting service [Tomcat]
2025-07-29T12:50:03.396-03:00  INFO 10208 --- [restartedMain] o.apache.catalina.core.StandardEngine    : Starting Servlet engine: [Apache Tomcat/10.1.36]
2025-07-29T12:50:03.470-03:00  INFO 10208 --- [restartedMain] o.a.c.c.C.[Tomcat].[localhost].[/]       : Initializing Spring embedded WebApplicationContext
2025-07-29T12:50:03.470-03:00  INFO 10208 --- [restartedMain] w.s.c.ServletWebServerApplicationContext : Root WebApplicationContext: initialization completed in 2191 ms
2025-07-29T12:50:03.658-03:00  INFO 10208 --- [restartedMain] o.hibernate.jpa.internal.util.LogHelper  : HHH000204: Processing PersistenceUnitInfo [name: default]
2025-07-29T12:50:03.761-03:00  INFO 10208 --- [restartedMain] org.hibernate.Version                    : HHH000412: Hibernate ORM core version 6.6.8.Final
2025-07-29T12:50:03.812-03:00  INFO 10208 --- [restartedMain] o.h.c.internal.RegionFactoryInitiator    : HHH000026: Second-level cache disabled
2025-07-29T12:50:04.151-03:00  INFO 10208 --- [restartedMain] o.s.o.j.p.SpringPersistenceUnitInfo      : No LoadTimeWeaver setup: ignoring JPA class transformer
2025-07-29T12:50:04.175-03:00  INFO 10208 --- [restartedMain] com.zaxxer.hikari.HikariDataSource       : HikariPool-1 - Starting...
2025-07-29T12:50:04.373-03:00  INFO 10208 --- [restartedMain] com.zaxxer.hikari.pool.HikariPool        : HikariPool-1 - Added connection org.postgresql.jdbc.PgConnection@3eced302
2025-07-29T12:50:04.376-03:00  INFO 10208 --- [restartedMain] com.zaxxer.hikari.HikariDataSource       : HikariPool-1 - Start completed.
2025-07-29T12:50:04.469-03:00  INFO 10208 --- [restartedMain] org.hibernate.orm.connections.pooling    : HHH10001005: Database info:
	Database JDBC URL [Connecting through datasource 'HikariDataSource (HikariPool-1)']
	Database driver: undefined/unknown
	Database version: 17.5
	Autocommit mode: undefined/unknown
	Isolation level: undefined/unknown
	Minimum pool size: undefined/unknown
	Maximum pool size: undefined/unknown
2025-07-29T12:50:06.137-03:00  INFO 10208 --- [restartedMain] o.h.e.t.j.p.i.JtaPlatformInitiator       : HHH000489: No JTA platform available (set 'hibernate.transaction.jta.platform' to enable JTA platform integration)
2025-07-29T12:50:06.263-03:00  INFO 10208 --- [restartedMain] j.LocalContainerEntityManagerFactoryBean : Initialized JPA EntityManagerFactory for persistence unit 'default'
2025-07-29T12:50:07.365-03:00  INFO 10208 --- [restartedMain] eAuthenticationProviderManagerConfigurer : Global AuthenticationManager configured with AuthenticationProvider bean with name daoAuthenticationProvider
2025-07-29T12:50:07.367-03:00  WARN 10208 --- [restartedMain] r$InitializeUserDetailsManagerConfigurer : Global AuthenticationManager configured with an AuthenticationProvider bean. UserDetailsService beans will not be used by Spring Security for automatically configuring username/password login. Consider removing the AuthenticationProvider bean. Alternatively, consider using the UserDetailsService in a manually instantiated DaoAuthenticationProvider. If the current configuration is intentional, to turn off this warning, increase the logging level of 'org.springframework.security.config.annotation.authentication.configuration.InitializeUserDetailsBeanManagerConfigurer' to ERROR
2025-07-29T12:50:08.426-03:00  INFO 10208 --- [restartedMain] o.s.d.j.r.query.QueryEnhancerFactory     : Hibernate is in classpath; If applicable, HQL parser will be used.
2025-07-29T12:50:11.633-03:00  WARN 10208 --- [restartedMain] JpaBaseConfiguration$JpaWebConfiguration : spring.jpa.open-in-view is enabled by default. Therefore, database queries may be performed during view rendering. Explicitly configure spring.jpa.open-in-view to disable this warning
2025-07-29T12:50:12.423-03:00  INFO 10208 --- [restartedMain] o.s.b.d.a.OptionalLiveReloadServer       : LiveReload server is running on port 35729
2025-07-29T12:50:12.477-03:00  INFO 10208 --- [restartedMain] o.s.b.w.embedded.tomcat.TomcatWebServer  : Tomcat started on port 8080 (http) with context path '/'
2025-07-29T12:50:12.485-03:00  INFO 10208 --- [restartedMain] c.e.a.AlquilaSeguroBackendApplication    : Started AlquilaSeguroBackendApplication in 11.836 seconds (process running for 14.8)
2025-07-29T12:50:16.738-03:00  INFO 10208 --- [http-nio-8080-exec-1] o.a.c.c.C.[Tomcat].[localhost].[/]       : Initializing Spring DispatcherServlet 'dispatcherServlet'
2025-07-29T12:50:16.738-03:00  INFO 10208 --- [http-nio-8080-exec-1] o.s.web.servlet.DispatcherServlet        : Initializing Servlet 'dispatcherServlet'
2025-07-29T12:50:16.739-03:00  INFO 10208 --- [http-nio-8080-exec-1] o.s.web.servlet.DispatcherServlet        : Completed initialization in 1 ms
2025-07-29T12:50:16.879-03:00  INFO 10208 --- [http-nio-8080-exec-1] c.e.a.s.service.UserDetailsServiceImpl   : Autenticando al usuario: {} gonz
2025-07-29T12:50:17.191-03:00  INFO 10208 --- [http-nio-8080-exec-4] c.e.a.s.service.UserDetailsServiceImpl   : Autenticando al usuario: {} gonz
2025-07-29T12:50:19.284-03:00  INFO 10208 --- [http-nio-8080-exec-2] c.e.a.s.service.UserDetailsServiceImpl   : Autenticando al usuario: {} gonz
2025-07-29T12:50:19.352-03:00  INFO 10208 --- [http-nio-8080-exec-3] c.e.a.s.service.UserDetailsServiceImpl   : Autenticando al usuario: {} gonz
2025-07-29T12:50:19.357-03:00  INFO 10208 --- [http-nio-8080-exec-10] c.e.a.s.service.UserDetailsServiceImpl   : Autenticando al usuario: {} gonz
2025-07-29T12:50:19.461-03:00  INFO 10208 --- [http-nio-8080-exec-5] c.e.a.s.service.UserDetailsServiceImpl   : Autenticando al usuario: {} gonz
2025-07-29T12:50:43.252-03:00  INFO 10208 --- [http-nio-8080-exec-1] c.e.a.services.PaymentService            : Pago creado en la base de datos: Payment(id=7, reservation=Reservation(id=5, client=null, invoice=null, contract=null, payments=null, startDate=null, endDate=null, status=null), consultancy=null, amount=30000.0, paymentMethod=Mercado Pago, paymentDate=2025-07-29T12:50:43.243575200, paymentReference=2398138093-fe9c6de0-5b61-4b75-bd72-091ff71a0fd6, paymentDescription=Creación de preferencia de reserva, paymentStatus=PENDING, paymentIdMP=null, externalId=5, externalEntityType=RESERVATION)
2025-07-29T12:51:14.869-03:00  INFO 10208 --- [http-nio-8080-exec-4] c.e.a.controller.PaymentController       : Cuerpo completo de la notificación: {"resource":"https://api.mercadolibre.com/merchant_orders/32782926376","topic":"merchant_order"}
2025-07-29T12:51:14.875-03:00  INFO 10208 --- [http-nio-8080-exec-4] c.e.a.controller.PaymentController       : Notificación recibida - Topic: merchant_order, Type: null, Action: null, Payment ID (final): https://api.mercadolibre.com/merchant_orders/32782926376, Resource ID (JSON): https://api.mercadolibre.com/merchant_orders/32782926376, External Reference (URL param): 5, External Entity Type from Param: RESERVATION
2025-07-29T12:51:14.885-03:00  INFO 10208 --- [http-nio-8080-exec-4] c.e.a.controller.PaymentController       : DEBUG: Entrando a la rama de 'merchant_order'.
2025-07-29T12:51:14.885-03:00  INFO 10208 --- [http-nio-8080-exec-4] c.e.a.controller.PaymentController       : Notificación de orden comercial recibida. Respondiendo con OK.
2025-07-29T12:51:16.302-03:00  INFO 10208 --- [http-nio-8080-exec-2] c.e.a.controller.PaymentController       : Cuerpo completo de la notificación: {"resource":"119758531673","topic":"payment"}
2025-07-29T12:51:16.302-03:00  INFO 10208 --- [http-nio-8080-exec-2] c.e.a.controller.PaymentController       : Notificación recibida - Topic: payment, Type: null, Action: null, Payment ID (final): 119758531673, Resource ID (JSON): 119758531673, External Reference (URL param): 5, External Entity Type from Param: RESERVATION
2025-07-29T12:51:16.302-03:00  INFO 10208 --- [http-nio-8080-exec-2] c.e.a.controller.PaymentController       : DEBUG: Entrando a la rama de 'payment' (creado o actualizado).
2025-07-29T12:51:16.302-03:00  INFO 10208 --- [http-nio-8080-exec-2] c.e.a.controller.PaymentController       : Recibida notificación de pago con ID: 119758531673
2025-07-29T12:51:16.308-03:00  INFO 10208 --- [http-nio-8080-exec-2] c.e.a.mercadopago.MercadoPagoService     : VALIDATION DEBUG: Recibiendo notificación. URL: http://b9a2863b2186.ngrok-free.app/alquila-seg/payments/webhooks?external_entity_type=RESERVATION&id=119758531673&source_external_reference=5&topic=payment
2025-07-29T12:51:16.308-03:00  INFO 10208 --- [http-nio-8080-exec-2] c.e.a.mercadopago.MercadoPagoService     : VALIDATION DEBUG: x-signature header: ts=1753734732,v1=8c6a02c4bbadfc3b8e78a9a6a2698723bd8e47283aacd6248b720b6e4f4fe855
2025-07-29T12:51:16.308-03:00  INFO 10208 --- [http-nio-8080-exec-2] c.e.a.mercadopago.MercadoPagoService     : VALIDATION DEBUG: x-request-id header: a6cdc882-954a-44e8-81f8-c57a2b87aacc
2025-07-29T12:51:16.308-03:00  INFO 10208 --- [http-nio-8080-exec-2] c.e.a.mercadopago.MercadoPagoService     : VALIDATION DEBUG: ts parsed: 1753734732
2025-07-29T12:51:16.308-03:00  INFO 10208 --- [http-nio-8080-exec-2] c.e.a.mercadopago.MercadoPagoService     : VALIDATION DEBUG: v1 parsed: 8c6a02c4bbadfc3b8e78a9a6a2698723bd8e47283aacd6248b720b6e4f4fe855
2025-07-29T12:51:16.308-03:00  INFO 10208 --- [http-nio-8080-exec-2] c.e.a.mercadopago.MercadoPagoService     : VALIDATION DEBUG: dataIdFromQueryParam (URL): 119758531673
2025-07-29T12:51:16.310-03:00  WARN 10208 --- [http-nio-8080-exec-2] c.e.a.mercadopago.utils.SignatureHelper  : Firma de webhook inválida. Calculada: c33849563a2e0700c006d09da2d6b834dec28303cde93392ec1025105f8bf13c, Recibida: 8c6a02c4bbadfc3b8e78a9a6a2698723bd8e47283aacd6248b720b6e4f4fe855. Revise secret-key y construcción de la cadena.
2025-07-29T12:51:16.310-03:00  WARN 10208 --- [http-nio-8080-exec-2] c.e.a.controller.PaymentController       : DEBUG: Firma de notificación de pago INVÁLIDA para ID: 119758531673. Intentando fallback via API.
2025-07-29T12:51:16.310-03:00  INFO 10208 --- [http-nio-8080-exec-2] c.e.a.controller.PaymentController       : DEBUG: Intentando obtener detalles del pago 119758531673 directamente de la API de Mercado Pago.
2025-07-29T12:51:16.329-03:00  INFO 10208 --- [http-nio-8080-exec-3] c.e.a.controller.PaymentController       : Cuerpo completo de la notificación: {"action":"payment.created","api_version":"v1","data":{"id":"119758531673"},"date_created":"2025-07-29T15:51:15Z","id":123299426397,"live_mode":true,"type":"payment","user_id":"2398138093"}
2025-07-29T12:51:16.335-03:00  INFO 10208 --- [http-nio-8080-exec-3] c.e.a.controller.PaymentController       : Notificación recibida - Topic: null, Type: payment, Action: payment.created, Payment ID (final): 119758531673, Resource ID (JSON): null, External Reference (URL param): 5, External Entity Type from Param: RESERVATION
2025-07-29T12:51:16.335-03:00  INFO 10208 --- [http-nio-8080-exec-3] c.e.a.controller.PaymentController       : DEBUG: Entrando a la rama de 'payment' (creado o actualizado).
2025-07-29T12:51:16.335-03:00  INFO 10208 --- [http-nio-8080-exec-3] c.e.a.controller.PaymentController       : Recibida notificación de pago con ID: 119758531673
2025-07-29T12:51:16.335-03:00  INFO 10208 --- [http-nio-8080-exec-3] c.e.a.mercadopago.MercadoPagoService     : VALIDATION DEBUG: Recibiendo notificación. URL: http://b9a2863b2186.ngrok-free.app/alquila-seg/payments/webhooks?data.id=119758531673&external_entity_type=RESERVATION&source_external_reference=5&type=payment
2025-07-29T12:51:16.335-03:00  INFO 10208 --- [http-nio-8080-exec-3] c.e.a.mercadopago.MercadoPagoService     : VALIDATION DEBUG: x-signature header: ts=1753795859,v1=087180948c187a5c09315af7c4723da66f2f053c0e73202b71a675e6a4edc4b6
2025-07-29T12:51:16.335-03:00  INFO 10208 --- [http-nio-8080-exec-3] c.e.a.mercadopago.MercadoPagoService     : VALIDATION DEBUG: x-request-id header: a6cdc882-954a-44e8-81f8-c57a2b87aacc
2025-07-29T12:51:16.335-03:00  INFO 10208 --- [http-nio-8080-exec-3] c.e.a.mercadopago.MercadoPagoService     : VALIDATION DEBUG: ts parsed: 1753795859
2025-07-29T12:51:16.335-03:00  INFO 10208 --- [http-nio-8080-exec-3] c.e.a.mercadopago.MercadoPagoService     : VALIDATION DEBUG: v1 parsed: 087180948c187a5c09315af7c4723da66f2f053c0e73202b71a675e6a4edc4b6
2025-07-29T12:51:16.335-03:00  INFO 10208 --- [http-nio-8080-exec-3] c.e.a.mercadopago.MercadoPagoService     : VALIDATION DEBUG: dataIdFromQueryParam (URL): 119758531673
2025-07-29T12:51:16.337-03:00  INFO 10208 --- [http-nio-8080-exec-3] c.e.a.mercadopago.utils.SignatureHelper  : Firma de webhook válida.
2025-07-29T12:51:16.337-03:00  INFO 10208 --- [http-nio-8080-exec-3] c.e.a.controller.PaymentController       : DEBUG: Firma de notificación de pago VÁLIDA. Procesando detalles.
2025-07-29T12:51:16.337-03:00  INFO 10208 --- [http-nio-8080-exec-3] c.e.a.controller.PaymentController       : processPaymentNotification iniciado para el ID: 119758531673, externalId: 5, externalEntityType: RESERVATION
2025-07-29T12:51:16.459-03:00  INFO 10208 --- [http-nio-8080-exec-10] c.e.a.controller.PaymentController       : Cuerpo completo de la notificación: {"resource":"https://api.mercadolibre.com/merchant_orders/32782926376","topic":"merchant_order"}
2025-07-29T12:51:16.459-03:00  INFO 10208 --- [http-nio-8080-exec-10] c.e.a.controller.PaymentController       : Notificación recibida - Topic: merchant_order, Type: null, Action: null, Payment ID (final): https://api.mercadolibre.com/merchant_orders/32782926376, Resource ID (JSON): https://api.mercadolibre.com/merchant_orders/32782926376, External Reference (URL param): 5, External Entity Type from Param: RESERVATION
2025-07-29T12:51:16.459-03:00  INFO 10208 --- [http-nio-8080-exec-10] c.e.a.controller.PaymentController       : DEBUG: Entrando a la rama de 'merchant_order'.
2025-07-29T12:51:16.459-03:00  INFO 10208 --- [http-nio-8080-exec-10] c.e.a.controller.PaymentController       : Notificación de orden comercial recibida. Respondiendo con OK.
2025-07-29T12:51:16.937-03:00  INFO 10208 --- [http-nio-8080-exec-3] c.e.a.mercadopago.MercadoPagoService     : Respuesta de getPaymentDetails para ID (simulado) 119758531673: ApiResponse(success=true, message=null, data=PaymentResponse(id=119758531673, reservationId=null, consultancyId=null, amount=30000, paymentMethod=debmaster, paymentStatus=APPROVED, paymentDate=2025-07-29T11:51:15, paymentReference=119758531673, paymentDescription=Propiedad Test Los Troncos, externalId=null, paymentIdMP=119758531673))
2025-07-29T12:51:16.937-03:00  INFO 10208 --- [http-nio-8080-exec-2] c.e.a.mercadopago.MercadoPagoService     : Respuesta de getPaymentDetails para ID (simulado) 119758531673: ApiResponse(success=true, message=null, data=PaymentResponse(id=119758531673, reservationId=null, consultancyId=null, amount=30000, paymentMethod=debmaster, paymentStatus=APPROVED, paymentDate=2025-07-29T11:51:15, paymentReference=119758531673, paymentDescription=Propiedad Test Los Troncos, externalId=null, paymentIdMP=119758531673))
2025-07-29T12:51:16.945-03:00  INFO 10208 --- [http-nio-8080-exec-3] c.e.a.controller.PaymentController       : Detalles del pago obtenidos exitosamente para ID 119758531673: PaymentResponse(id=119758531673, reservationId=null, consultancyId=null, amount=30000, paymentMethod=debmaster, paymentStatus=APPROVED, paymentDate=2025-07-29T11:51:15, paymentReference=119758531673, paymentDescription=Propiedad Test Los Troncos, externalId=null, paymentIdMP=119758531673)
2025-07-29T12:51:16.945-03:00  INFO 10208 --- [http-nio-8080-exec-2] c.e.a.controller.PaymentController       : DEBUG: Detalles del pago 119758531673 obtenidos exitosamente de la API. Estado: APPROVED
2025-07-29T12:51:16.952-03:00  INFO 10208 --- [http-nio-8080-exec-2] c.e.a.services.PaymentService            : updatePaymentStatusFromMercadoPago iniciado para MP Payment ID: 119758531673, MP Status: APPROVED, External ID: 5, Type: RESERVATION
2025-07-29T12:51:16.966-03:00  INFO 10208 --- [http-nio-8080-exec-3] c.e.a.controller.PaymentController       : Pago PENDING encontrado en tu DB para externalId: 5 y externalEntityType: RESERVATION. ID del pago en tu DB: 7
2025-07-29T12:51:16.966-03:00  INFO 10208 --- [http-nio-8080-exec-3] c.e.a.controller.PaymentController       : Seteando paymentIdMP 119758531673 para el pago ID 7
2025-07-29T12:51:16.966-03:00  INFO 10208 --- [http-nio-8080-exec-2] c.e.a.services.PaymentService            : Pago PENDING encontrado en tu DB (ID: 7) para External ID: 5 y Type: RESERVATION
2025-07-29T12:51:16.971-03:00  INFO 10208 --- [http-nio-8080-exec-2] c.e.a.services.PaymentService            : Actualizando paymentIdMP del pago 7 a 119758531673
2025-07-29T12:51:16.971-03:00  INFO 10208 --- [http-nio-8080-exec-2] c.e.a.services.PaymentService            : Actualizando paymentReference del pago 7 a 119758531673
2025-07-29T12:51:16.973-03:00  INFO 10208 --- [http-nio-8080-exec-2] c.e.a.services.PaymentService            : Estado del pago 7 actualizado en la base de datos de APPROVED a APPROVED
2025-07-29T12:51:16.981-03:00  INFO 10208 --- [http-nio-8080-exec-2] c.e.a.services.ReservationService        : Actualizando el estado de la reserva 5 a CONFIRMED debido al estado del pago: APPROVED
2025-07-29T12:51:16.981-03:00  INFO 10208 --- [http-nio-8080-exec-2] c.e.a.services.PaymentService            : Disparado updateReservationStatusByPayment para Reserva ID 5 con estado MP: APPROVED
2025-07-29T12:51:17.000-03:00  INFO 10208 --- [http-nio-8080-exec-3] c.e.a.controller.PaymentController       : Pago ID 7 actualizado en la base de datos a estado APPROVED. paymentIdMP: 119758531673
2025-07-29T12:51:17.000-03:00  INFO 10208 --- [http-nio-8080-exec-2] c.e.a.controller.PaymentController       : DEBUG: Notificación de pago procesada con éxito via FALLBACK API para ID: 119758531673
2025-07-29T12:51:17.000-03:00  INFO 10208 --- [http-nio-8080-exec-2] c.e.a.controller.PaymentController       : Datos notificación procesados para Payment ID: 119758531673
2025-07-29T12:51:17.018-03:00  INFO 10208 --- [http-nio-8080-exec-3] c.e.a.controller.PaymentController       : Disparado updateReservationStatusByPayment para Reserva ID 5 con estado MP: APPROVED
2025-07-29T12:51:21.582-03:00  INFO 10208 --- [http-nio-8080-exec-3] c.e.a.services.EmailService              : Email enviado a: gonzaseitz@gmail.com 
2025-07-29T12:51:27.121-03:00  INFO 10208 --- [http-nio-8080-exec-3] c.e.a.services.EmailService              : Email enviado a: gonzaseitz@gmail.com 
2025-07-29T12:51:27.140-03:00  INFO 10208 --- [http-nio-8080-exec-3] c.e.a.services.EmailService              : Estados de factura 5 y contrato 5 actualizados a SENT.
2025-07-29T12:51:27.140-03:00  INFO 10208 --- [http-nio-8080-exec-3] c.e.a.controller.PaymentController       : Datos notificación procesados para Payment ID: 119758531673
2025-07-29T12:51:31.251-03:00  INFO 10208 --- [SpringApplicationShutdownHook] o.s.b.w.e.tomcat.GracefulShutdown        : Commencing graceful shutdown. Waiting for active requests to complete
2025-07-29T12:51:31.279-03:00  INFO 10208 --- [tomcat-shutdown] o.s.b.w.e.tomcat.GracefulShutdown        : Graceful shutdown complete
2025-07-29T12:51:31.293-03:00  INFO 10208 --- [SpringApplicationShutdownHook] j.LocalContainerEntityManagerFactoryBean : Closing JPA EntityManagerFactory for persistence unit 'default'
2025-07-29T12:51:31.299-03:00  INFO 10208 --- [SpringApplicationShutdownHook] com.zaxxer.hikari.HikariDataSource       : HikariPool-1 - Shutdown initiated...
2025-07-29T12:51:31.308-03:00  INFO 10208 --- [SpringApplicationShutdownHook] com.zaxxer.hikari.HikariDataSource       : HikariPool-1 - Shutdown completed.
